; 1.00
30516; 1.00
30530; 1.00
30543; 1.00
30557; 1.00
30570; 1.00
30583; 1.00
30598; 1.00
0; 4.00
0; 4.00
1; 4.00
1; 4.00
1; 4.00
2; 4.00
2; 3.00
3; 4.00
7; 4.00
16; 4.00
26; 4.00
36; 4.00
48; 4.00
58; 4.00
68; 4.00
78; 4.00
89; 4.00
99; 4.00
110; 3.00
121; 4.00
133; 4.00
144; 5.00
155; 4.00
166; 4.00
179; 4.00
190; 4.00
201; 4.00
212; 4.00
224; 4.00
235; 4.00
247; 4.00
259; 4.00
270; 4.00
281; 4.00
292; 4.00
304; 4.00
316; 4.00
327; 4.00
338; 4.00
350; 4.00
361; 4.00
372; 4.00
385; 4.00
396; 4.00
407; 4.00
418; 4.00
430; 4.00
442; 4.00
453; 4.00
464; 4.00
476; 4.00
487; 4.00
498; 4.00
510; 4.00
522; 4.00
533; 4.00
544; 4.00
556; 3.00
567; 4.00
579; 4.00
590; 4.00
602; 4.00
613; 3.00
624; 4.00
635; 4.00
648; 3.00
659; 4.00
670; 4.00
681; 4.00
693; 4.00
704; 4.00
716; 4.00
728; 4.00
739; 4.00
750; 4.00
761; 4.00
774; 4.00
785; 4.00
796; 4.00
807; 10.00
820; 51.00
832; 52.00
845; 51.00
858; 51.00
870; 51.00
882; 51.00
894; 52.00
908; 51.00
920; 52.00
932; 51.00
945; 52.00
957; 51.00
969; 52.00
983; 51.00
995; 51.00
1007; 51.00
1020; 51.00
1034; 51.00
1048; 51.00
1061; 51.00
1075; 52.00
1088; 52.00
1101; 52.00
1116; 52.00
1129; 52.00
1142; 51.00
1156; 52.00
1169; 51.00
1183; 51.00
1197; 52.00
1210; 51.00
1223; 51.00
1236; 51.00
1251; 51.00
1264; 51.00
1277; 51.00
1291; 51.00
1304; 52.00
1318; 51.00
1332; 51.00
1345; 51.00
1358; 52.00
1373; 51.00
1386; 51.00
1399; 51.00
1413; 51.00
1426; 51.00
1440; 51.00
1454; 51.00
1467; 51.00
1480; 51.00
1494; 51.00
1508; 51.00
1521; 51.00
1534; 51.00
1548; 51.00
1561; 51.00
1575; 51.00
1589; 51.00
1602; 51.00
1615; 51.00
1629; 51.00
1643; 51.00
1656; 51.00
1670; 51.00
1683; 51.00
1696; 51.00
1711; 51.00
1724; 51.00
1737; 51.00
1751; 51.00
1764; 51.00
1778; 51.00
1792; 51.00
1805; 51.00
1818; 51.00
1831; 51.00
1846; 52.00
1859; 51.00
1872; 51.00
1886; 51.00
1899; 51.00
1913; 51.00
1927; 51.00
1940; 51.00
1953; 51.00
1967; 51.00
1981; 52.00
1994; 51.00
2008; 51.00
2021; 51.00
2034; 51.00
2049; 52.00
2062; 51.00
2075; 51.00
2088; 52.00
2102; 51.00
2116; 51.00
2129; 51.00
2143; 51.00
2156; 51.00
2169; 51.00
2184; 51.00
2197; 51.00
2210; 51.00
2224; 51.00
2238; 51.00
2251; 51.00
2265; 51.00
2278; 51.00
2291; 51.00
2306; 51.00
2319; 51.00
2332; 51.00
2345; 51.00
2359; 51.00
2373; 51.00
2386; 51.00
2400; 51.00
2413; 51.00
2426; 51.00
2441; 51.00
2454; 51.00
2467; 51.00
2481; 51.00
2494; 51.00
2508; 51.00
2522; 51.00
2535; 51.00
2548; 52.00
2562; 51.00
2576; 51.00
2589; 51.00
2603; 51.00
2616; 51.00
2629; 51.00
2643; 51.00
2657; 51.00
2670; 51.00
2683; 51.00
2697; 51.00
2711; 51.00
2724; 51.00
2738; 51.00
2751; 51.00
2764; 51.00
2779; 51.00
2792; 51.00
2805; 51.00
2819; 4.00
2831; 4.00
2844; 3.00
2856; 4.00
2869; 4.00
2881; 4.00
2893; 4.00
2907; 3.00
2919; 4.00
2931; 4.00
2944; 4.00
2956; 3.00
2968; 4.00
2981; 4.00
2994; 3.00
3006; 4.00
3018; 4.00
3031; 4.00
3044; 4.00
3056; 4.00
3068; 3.00
3081; 4.00
3093; 3.00
3106; 4.00
3119; 3.00
3131; 4.00
3143; 3.00
3155; 3.00
3168; 4.00
3181; 3.00
3193; 3.00
3206; 4.00
3218; 3.00
3230; 4.00
3244; 4.00
3256; 4.00
3268; 4.00
3280; 4.00
3293; 4.00
3306; 4.00
3318; 4.00
3331; 4.00
3343; 4.00
3355; 4.00
3367; 4.00
3381; 4.00
3393; 4.00
3405; 3.00
3418; 4.00
3430; 3.00
3443; 4.00
3456; 3.00
3468; 4.00
3480; 3.00
3492; 4.00
3506; 4.00
3518; 4.00
3530; 4.00
3543; 4.00
3555; 4.00
3567; 4.00
3580; 4.00
3593; 3.00
3605; 4.00
3617; 4.00
3630; 4.00
3643; 3.00
3655; 4.00
3667; 4.00
3680; 3.00
3692; 4.00
3705; 4.00
3718; 3.00
3730; 4.00
3742; 4.00
3755; 3.00
3767; 3.00
3780; 4.00
3792; 4.00
3805; 4.00
3817; 3.00
3829; 4.00
3843; 4.00
3855; 3.00
3867; 3.00
3879; 4.00
3892; 4.00
3905; 3.00
3917; 4.00
3930; 4.00
3942; 4.00
3954; 4.00
3966; 4.00
3980; 4.00
3992; 4.00
4004; 4.00
4017; 4.00
4029; 4.00
4042; 4.00
4055; 3.00
4067; 4.00
4079; 4.00
4091; 3.00
4105; 4.00
4117; 4.00
4129; 4.00
4142; 4.00
4154; 4.00
4166; 4.00
4179; 4.00
4192; 4.00
4204; 4.00
4216; 4.00
4229; 4.00
4242; 4.00
4254; 3.00
4267; 4.00
4279; 4.00
4291; 4.00
4304; 4.00
4317; 4.00
4329; 4.00
4341; 4.00
4354; 4.00
4366; 4.00
4379; 4.00
4391; 4.00
4404; 4.00
4416; 4.00
4428; 4.00
4442; 3.00
4454; 3.00
4466; 4.00
4478; 4.00
4491; 4.00
4504; 4.00
4516; 4.00
4529; 4.00
4541; 4.00
4553; 4.00
4566; 4.00
4579; 4.00
4591; 4.00
4603; 4.00
4616; 4.00
4628; 3.00
4641; 4.00
4654; 4.00
4666; 3.00
4678; 4.00
4690; 4.00
4704; 4.00
4716; 4.00
4728; 4.00
4741; 3.00
4753; 4.00
4765; 4.00
4779; 3.00
4791; 3.00
4803; 4.00
4815; 51.00
4829; 51.00
4843; 51.00
4856; 51.00
4870; 51.00
4883; 51.00
4896; 52.00
4911; 51.00
4924; 51.00
4937; 51.00
4951; 51.00
4964; 51.00
4978; 51.00
4992; 51.00
5005; 51.00
5018; 51.00
5031; 51.00
5046; 51.00
5059; 51.00
5072; 51.00
5086; 51.00
5100; 51.00
5113; 51.00
5127; 51.00
5140; 51.00
5153; 51.00
5168; 51.00
5181; 51.00
5194; 51.00
5208; 51.00
5221; 4.00
5234; 4.00
5246; 3.00
5259; 4.00
5271; 4.00
5283; 4.00
5296; 3.00
5309; 4.00
5321; 4.00
5334; 4.00
5346; 4.00
5358; 4.00
5371; 4.00
5384; 4.00
5396; 4.00
5408; 4.00
5421; 4.00
5434; 4.00
5446; 4.00
5458; 4.00
5471; 4.00
5483; 4.00
5495; 3.00
5509; 4.00
5521; 4.00
5533; 3.00
5545; 4.00
5558; 3.00
5571; 4.00
5583; 3.00
5596; 4.00
5608; 4.00
5620; 51.00
5635; 51.00
5648; 51.00
5661; 51.00
5675; 51.00
5688; 51.00
5702; 51.00
5715; 51.00
5729; 51.00
5742; 51.00
5755; 51.00
5770; 51.00
5783; 51.00
5796; 51.00
5810; 51.00
5823; 51.00
5837; 51.00
5851; 51.00
5864; 51.00
5877; 51.00
5891; 51.00
5905; 51.00
5918; 51.00
5932; 51.00
5945; 51.00
5958; 51.00
5972; 52.00
5986; 51.00
5999; 51.00
6012; 4.00
6025; 4.00
6038; 4.00
6050; 4.00
6063; 3.00
6075; 4.00
6087; 4.00
6100; 4.00
6113; 3.00
6125; 4.00
6137; 4.00
6150; 4.00
6162; 4.00
6175; 4.00
6188; 4.00
6200; 4.00
6212; 4.00
6224; 4.00
6238; 4.00
6250; 4.00
6262; 4.00
6275; 4.00
6287; 4.00
6300; 4.00
6312; 4.00
6325; 4.00
6337; 4.00
6349; 4.00
6362; 4.00
6375; 4.00
6387; 4.00
6400; 3.00
6412; 51.00
6425; 51.00
6439; 51.00
6453; 51.00
6466; 51.00
6479; 51.00
6493; 51.00
6507; 51.00
6520; 51.00
6534; 51.00
6547; 51.00
6560; 51.00
6575; 51.00
6588; 51.00
6601; 51.00
6615; 51.00
6628; 51.00
6642; 51.00
6656; 51.00
6669; 51.00
6682; 51.00
6695; 51.00
6710; 51.00
6723; 51.00
6736; 51.00
6750; 51.00
6764; 51.00
6777; 51.00
6791; 51.00
6804; 51.00
6817; 4.00
6831; 4.00
6843; 3.00
6855; 3.00
6867; 4.00
6880; 3.00
6892; 4.00
6905; 4.00
6918; 4.00
6930; 4.00
6942; 3.00
6955; 3.00
6968; 4.00
6980; 4.00
6992; 4.00
7005; 3.00
7017; 4.00
7030; 4.00
7043; 3.00
7055; 4.00
7067; 4.00
7079; 4.00
7092; 4.00
7105; 4.00
7117; 4.00
7130; 4.00
7142; 3.00
7154; 4.00
7168; 3.00
7180; 4.00
7192; 3.00
7204; 4.00
7217; 51.00
7231; 51.00
7244; 51.00
7258; 52.00
7271; 51.00
7284; 51.00
7299; 51.00
7312; 51.00
7325; 51.00
7339; 51.00
7352; 51.00
7366; 51.00
7379; 51.00
7393; 51.00
7406; 51.00
7419; 51.00
7434; 51.00
7447; 51.00
7460; 51.00
7474; 52.00
7487; 51.00
7501; 51.00
7515; 51.00
7528; 51.00
7541; 51.00
7555; 51.00
7569; 51.00
7582; 51.00
7596; 51.00
7609; 51.00
7622; 4.00
7635; 3.00
7648; 4.00
7660; 4.00
7672; 33.00
7686; 3.00
7699; 4.00
7711; 4.00
7724; 3.00
7736; 35.00
7749; 3.00
7762; 3.00
7775; 4.00
7787; 4.00
7799; 4.00
7812; 3.00
7824; 4.00
7837; 63.00
7851; 4.00
7863; 4.00
7875; 4.00
7887; 3.00
7901; 4.00
7913; 4.00
7925; 4.00
7938; 67.00
7951; 4.00
7964; 3.00
7976; 4.00
7989; 4.00
8001; 4.00
8013; 51.00
8027; 51.00
8041; 51.00
8054; 52.00
8068; 51.00
8081; 51.00
8095; 51.00
8109; 51.00
8122; 51.00
8135; 51.00
8148; 51.00
8163; 51.00
8176; 51.00
8189; 51.00
8203; 115.00
8217; 51.00
8231; 51.00
8245; 51.00
8258; 51.00
8271; 115.00
8286; 51.00
8300; 51.00
8313; 51.00
8327; 51.00
8340; 51.00
8353; 51.00
8368; 51.00
8381; 51.00
8394; 51.00
8408; 51.00
8421; 4.00
8434; 3.00
8446; 4.00
8459; 4.00
8471; 59.00
8484; 4.00
8498; 3.00
8510; 3.00
8522; 4.00
8535; 4.00
8547; 4.00
8559; 4.00
8572; 12.00
8586; 3.00
8598; 4.00
8610; 4.00
8623; 4.00
8636; 48.00
8649; 4.00
8662; 4.00
8674; 4.00
8686; 4.00
8699; 4.00
8712; 4.00
8724; 4.00
8736; 47.00
8750; 4.00
8763; 4.00
8775; 4.00
8787; 4.00
8800; 4.00
8812; 51.00
8825; 51.00
8840; 51.00
8853; 51.00
8866; 51.00
8880; 51.00
8894; 51.00
8907; 51.00
8921; 51.00
8934; 51.00
8947; 51.00
8962; 51.00
8975; 51.00
8988; 51.00
9001; 78.00
9015; 51.00
9029; 51.00
9042; 51.00
9056; 51.00
9069; 94.00
9082; 52.00
9097; 51.00
9110; 51.00
9123; 51.00
9137; 94.00
9150; 51.00
9164; 51.00
9178; 51.00
9191; 51.00
9204; 93.00
9218; 51.00
9232; 51.00
9245; 51.00
9259; 51.00
9272; 51.00
9285; 51.00
9299; 51.00
9313; 52.00
9326; 51.00
9339; 51.00
9353; 51.00
9367; 51.00
9380; 51.00
9394; 51.00
9407; 51.00
9420; 51.00
9435; 51.00
9448; 51.00
9461; 51.00
9475; 51.00
9488; 51.00
9502; 82.00
9516; 51.00
9529; 51.00
9542; 52.00
9555; 51.00
9570; 78.00
9583; 51.00
9596; 51.00
9610; 51.00
9623; 51.00
9637; 76.00
9651; 51.00
9664; 51.00
9677; 51.00
9691; 51.00
9705; 52.00
9718; 51.00
9732; 51.00
9745; 51.00
9759; 51.00
9773; 51.00
9786; 51.00
9799; 51.00
9812; 52.00
9827; 51.00
9840; 51.00
9853; 51.00
9867; 51.00
9880; 51.00
9894; 51.00
9908; 51.00
9921; 51.00
9934; 80.00
9948; 51.00
9962; 51.00
9975; 51.00
9989; 51.00
10002; 85.00
10016; 51.00
10032; 51.00
10046; 51.00
10060; 51.00
10075; 51.00
10089; 51.00
10104; 51.00
10119; 51.00
10133; 51.00
10147; 51.00
10163; 51.00
10177; 51.00
10191; 51.00
10206; 51.00
10220; 52.00
10235; 51.00
10250; 51.00
10264; 51.00
10278; 51.00
10294; 51.00
10308; 51.00
10322; 51.00
10337; 51.00
10351; 51.00
10366; 51.00
10381; 51.00
10395; 51.00
10409; 51.00
10425; 52.00
10439; 52.00
10454; 51.00
10468; 51.00
10482; 51.00
10498; 51.00
10512; 51.00
10526; 51.00
10541; 51.00
10555; 51.00
10570; 51.00
10585; 52.00
10599; 51.00
10613; 51.00
10629; 52.00
10643; 51.00
10657; 51.00
10672; 51.00
10686; 51.00
10701; 51.00
10716; 51.00
10730; 51.00
10744; 51.00
10760; 51.00
10774; 51.00
10788; 51.00
10803; 51.00
10817; 51.00
10832; 51.00
10847; 52.00
10861; 51.00
10875; 51.00
10891; 51.00
10905; 51.00
10919; 51.00
10934; 51.00
10948; 51.00
10963; 51.00
10978; 51.00
10992; 51.00
11006; 51.00
11021; 51.00
11036; 51.00
11051; 51.00
11065; 51.00
11079; 51.00
11095; 52.00
11109; 51.00
11123; 51.00
11138; 51.00
11152; 51.00
11167; 51.00
11182; 51.00
11196; 51.00
11210; 43.00
11226; 4.00
11239; 4.00
11252; 4.00
11266; 4.00
11279; 4.00
11293; 4.00
11307; 4.00
11320; 4.00
11333; 4.00
11346; 4.00
11361; 4.00
11374; 4.00
11387; 4.00
11401; 4.00
11414; 4.00
11428; 4.00
11442; 3.00
11455; 3.00
11468; 3.00
11482; 2.00
11496; 2.00
11509; 2.00
11523; 1.00
11536; 1.00
11549; 1.00
11564; 1.00
11577; 1.00
11590; 1.00
11603; 1.00
11617; 1.00
11631; 1.00
11644; 1.00
11658; 1.00
11671; 1.00
11684; 1.00
11699; 1.00
11712; 1.00
11725; 1.00
11739; 1.00
11752; 1.00
11766; 1.00
11780; 1.00
11793; 1.00
11806; 1.00
11820; 1.00
11834; 1.00
11847; 1.00
11860; 1.00
11874; 1.00
11887; 1.00
11901; 1.00
11915; 1.00
11928; 1.00
11941; 1.00
11956; 1.00
11969; 1.00
11982; 1.00
11996; 1.00
12009; 1.00
12023; 1.00
1203