76; 48.00
111192; 48.00
111208; 48.00
111223; 48.00
111239; 48.00
111254; 48.00
111270; 48.00
111286; 48.00
111301; 111176; 48.00
111192; 48.00
111208; 48.00
111223; 48.00
111239; 48.00
111254; 48.00
111270; 48.00
111286; 48.00
111301; 0; 53.00
0; 53.00
1; 54.00
1; 54.00
2; 54.00
2; 54.00
3; 54.00
5; 54.00
15; 54.00
26; 54.00
37; 53.00
50; 53.00
61; 54.00
72; 53.00
83; 54.00
95; 53.00
106; 54.00
119; 54.00
132; 54.00
144; 53.00
156; 53.00
168; 54.00
182; 54.00
194; 54.00
206; 53.00
219; 53.00
231; 53.00
244; 53.00
257; 53.00
269; 53.00
281; 53.00
293; 53.00
306; 53.00
319; 52.00
331; 52.00
344; 52.00
356; 53.00
368; 52.00
381; 52.00
394; 53.00
406; 53.00
418; 53.00
431; 53.00
444; 53.00
456; 53.00
468; 53.00
481; 53.00
493; 53.00
505; 53.00
519; 53.00
531; 53.00
543; 53.00
556; 53.00
568; 53.00
581; 53.00
593; 53.00
606; 53.00
618; 53.00
630; 53.00
644; 53.00
656; 53.00
668; 53.00
680; 53.00
693; 53.00
705; 53.00
718; 53.00
731; 53.00
743; 53.00
755; 53.00
768; 53.00
781; 53.00
793; 53.00
805; 53.00
818; 53.00
830; 53.00
843; 53.00
856; 53.00
868; 53.00
880; 53.00
892; 53.00
905; 53.00
918; 53.00
930; 53.00
943; 53.00
955; 53.00
967; 53.00
980; 53.00
993; 53.00
1005; 53.00
1018; 53.00
1032; 53.00
1046; 53.00
1059; 53.00
1073; 53.00
1086; 53.00
1099; 53.00
1114; 53.00
1127; 53.00
1140; 53.00
1154; 113.00
1168; 113.00
1183; 113.00
1198; 113.00
1212; 113.00
1226; 113.00
1242; 113.00
1256; 113.00
1270; 113.00
1285; 113.00
1299; 113.00
1314; 113.00
1329; 113.00
1343; 113.00
1357; 113.00
1373; 113.00
1387; 113.00
1401; 113.00
1416; 113.00
1430; 113.00
1445; 113.00
1460; 113.00
1474; 113.00
1488; 113.00
1503; 113.00
1518; 113.00
1532; 113.00
1547; 113.00
1561; 113.00
1576; 113.00
1591; 113.00
1605; 113.00
1619; 113.00
1634; 113.00
1649; 113.00
1664; 113.00
1678; 113.00
1692; 113.00
1708; 113.00
1722; 113.00
1736; 113.00
1751; 113.00
1765; 113.00
1780; 113.00
1795; 113.00
1809; 113.00
1823; 113.00
1839; 113.00
1853; 113.00
1867; 113.00
1882; 113.00
1896; 113.00
1911; 113.00
1926; 113.00
1940; 113.00
1954; 113.00
1969; 113.00
1984; 113.00
1998; 113.00
2013; 113.00
2027; 113.00
2042; 113.00
2057; 113.00
2071; 113.00
2085; 113.00
2100; 113.00
2115; 113.00
2129; 113.00
2144; 113.00
2158; 113.00
2173; 113.00
2188; 113.00
2202; 113.00
2216; 113.00
2231; 113.00
2246; 113.00
2260; 113.00
2275; 113.00
2289; 113.00
2305; 113.00
2319; 113.00
2333; 113.00
2348; 113.00
2362; 113.00
2377; 113.00
2392; 113.00
2406; 113.00
2420; 113.00
2435; 113.00
2450; 113.00
2464; 113.00
2479; 113.00
2493; 113.00
2508; 113.00
2523; 113.00
2537; 113.00
2551; 113.00
2566; 112.00
2581; 113.00
2595; 113.00
2610; 113.00
2624; 113.00
2639; 113.00
2654; 113.00
2668; 113.00
2682; 113.00
2697; 113.00
2712; 113.00
2726; 113.00
2741; 113.00
2755; 113.00
2770; 113.00
2785; 113.00
2799; 113.00
2813; 113.00
2828; 113.00
2843; 113.00
2857; 113.00
2872; 113.00
2886; 113.00
2900; 113.00
2916; 113.00
2930; 113.00
2945; 113.00
2959; 113.00
2974; 113.00
2989; 113.00
3003; 113.00
3017; 113.00
3032; 113.00
3047; 113.00
3061; 113.00
3076; 113.00
3090; 113.00
3105; 113.00
3120; 113.00
3134; 113.00
3148; 113.00
3163; 53.00
3177; 53.00
3190; 53.00
3204; 53.00
3217; 53.00
3230; 53.00
3245; 53.00
3258; 53.00
3271; 53.00
3284; 53.00
3298; 53.00
3312; 53.00
3325; 52.00
3339; 53.00
3352; 53.00
3365; 53.00
3380; 53.00
3393; 53.00
3406; 53.00
3420; 53.00
3433; 53.00
3447; 53.00
3461; 53.00
3474; 53.00
3487; 53.00
3501; 53.00
3515; 53.00
3528; 53.00
3542; 53.00
3555; 53.00
3569; 53.00
3582; 53.00
3596; 53.00
3609; 53.00
3622; 53.00
3637; 53.00
3650; 53.00
3663; 53.00
3677; 53.00
3690; 53.00
3704; 53.00
3718; 53.00
3731; 53.00
3744; 53.00
3758; 53.00
3772; 53.00
3785; 53.00
3799; 53.00
3812; 53.00
3825; 53.00
3840; 53.00
3853; 53.00
3866; 53.00
3879; 53.00
3893; 53.00
3907; 53.00
3920; 53.00
3934; 53.00
3947; 53.00
3960; 53.00
3975; 53.00
3988; 53.00
4001; 53.00
4015; 53.00
4028; 53.00
4042; 53.00
4056; 53.00
4069; 53.00
4082; 53.00
4096; 53.00
4110; 53.00
4123; 53.00
4136; 53.00
4150; 53.00
4163; 53.00
4177; 53.00
4191; 53.00
4204; 53.00
4217; 53.00
4231; 53.00
4245; 53.00
4258; 53.00
4272; 53.00
4285; 53.00
4298; 53.00
4313; 53.00
4326; 53.00
4339; 53.00
4353; 53.00
4366; 53.00
4380; 53.00
4393; 53.00
4407; 53.00
4420; 53.00
4434; 53.00
4448; 53.00
4461; 53.00
4474; 53.00
4488; 53.00
4502; 53.00
4515; 53.00
4529; 53.00
4542; 53.00
4555; 53.00
4570; 53.00
4583; 53.00
4596; 53.00
4610; 53.00
4623; 53.00
4637; 53.00
4651; 53.00
4664; 52.00
4677; 53.00
4690; 53.00
4705; 53.00
4718; 53.00
4731; 53.00
4745; 53.00
4758; 53.00
4772; 53.00
4786; 53.00
4799; 53.00
4812; 53.00
4826; 53.00
4840; 53.00
4853; 53.00
4867; 53.00
4880; 53.00
4893; 53.00
4908; 53.00
4921; 53.00
4934; 53.00
4947; 53.00
4961; 53.00
4975; 53.00
4988; 53.00
5002; 53.00
5015; 53.00
5028; 53.00
5043; 53.00
5056; 53.00
5069; 53.00
5083; 53.00
5096; 53.00
5110; 53.00
5124; 53.00
5137; 53.00
5150; 96.00
5164; 113.00
5179; 113.00
5193; 113.00
5208; 113.00
5222; 113.00
5237; 113.00
5252; 113.00
5266; 113.00
5280; 113.00
5295; 113.00
5310; 113.00
5324; 113.00
5339; 113.00
5353; 113.00
5368; 113.00
5383; 113.00
5397; 113.00
5411; 113.00
5426; 113.00
5441; 113.00
5455; 113.00
5470; 113.00
5484; 113.00
5499; 113.00
5514; 112.00
5528; 113.00
5542; 113.00
5557; 113.00
5572; 113.00
5586; 113.00
5601; 113.00
5615; 113.00
5629; 113.00
5645; 113.00
5659; 113.00
5673; 113.00
5688; 113.00
5703; 112.00
5718; 113.00
5732; 113.00
5746; 113.00
5761; 53.00
5775; 53.00
5788; 53.00
5801; 52.00
5815; 53.00
5828; 53.00
5842; 53.00
5856; 53.00
5869; 53.00
5882; 53.00
5896; 53.00
5910; 53.00
5923; 53.00
5937; 53.00
5950; 53.00
5963; 53.00
5978; 53.00
5991; 53.00
6004; 53.00
6018; 53.00
6032; 53.00
6045; 53.00
6059; 53.00
6072; 53.00
6085; 53.00
6099; 53.00
6113; 53.00
6126; 53.00
6139; 53.00
6153; 53.00
6167; 53.00
6180; 53.00
6194; 53.00
6207; 53.00
6220; 53.00
6235; 53.00
6248; 53.00
6261; 53.00
6275; 53.00
6288; 53.00
6302; 53.00
6316; 53.00
6329; 53.00
6342; 53.00
6355; 113.00
6371; 113.00
6385; 113.00
6400; 113.00
6414; 113.00
6428; 113.00
6444; 113.00
6458; 113.00
6472; 113.00
6487; 113.00
6502; 113.00
6516; 113.00
6531; 113.00
6545; 113.00
6559; 113.00
6575; 113.00
6589; 113.00
6603; 113.00
6618; 113.00
6633; 113.00
6647; 113.00
6662; 113.00
6676; 113.00
6690; 113.00
6706; 113.00
6720; 113.00
6734; 113.00
6749; 113.00
6764; 113.00
6778; 113.00
6793; 113.00
6807; 114.00
6821; 114.00
6837; 113.00
6851; 114.00
6865; 114.00
6880; 114.00
6894; 114.00
6909; 114.00
6924; 114.00
6938; 114.00
6952; 54.00
6967; 54.00
6980; 54.00
6993; 54.00
7007; 54.00
7020; 54.00
7034; 54.00
7048; 53.00
7061; 54.00
7074; 54.00
7088; 54.00
7102; 54.00
7115; 54.00
7129; 54.00
7142; 54.00
7155; 54.00
7170; 54.00
7183; 54.00
7196; 54.00
7209; 54.00
7223; 54.00
7237; 54.00
7250; 54.00
7264; 54.00
7277; 54.00
7290; 54.00
7305; 54.00
7318; 54.00
7331; 54.00
7345; 54.00
7358; 54.00
7372; 54.00
7386; 54.00
7399; 54.00
7412; 54.00
7426; 54.00
7440; 54.00
7453; 54.00
7467; 54.00
7480; 54.00
7493; 54.00
7507; 54.00
7521; 54.00
7534; 54.00
7547; 54.00
7561; 114.00
7576; 114.00
7590; 114.00
7605; 114.00
7619; 114.00
7634; 114.00
7649; 114.00
7663; 114.00
7677; 114.00
7692; 114.00
7707; 114.00
7721; 114.00
7736; 114.00
7750; 114.00
7766; 114.00
7780; 114.00
7794; 114.00
7809; 114.00
7823; 114.00
7838; 114.00
7853; 114.00
7867; 114.00
7881; 114.00
7897; 114.00
7911; 114.00
7925; 114.00
7940; 114.00
7954; 114.00
7969; 114.00
7984; 114.00
7998; 114.00
8012; 114.00
8027; 114.00
8042; 114.00
8056; 114.00
8071; 114.00
8085; 114.00
8100; 114.00
8115; 114.00
8129; 114.00
8143; 114.00
8158; 54.00
8172; 54.00
8185; 54.00
8199; 54.00
8212; 54.00
8225; 54.00
8240; 54.00
8253; 54.00
8266; 54.00
8280; 54.00
8293; 54.00
8307; 54.00
8321; 54.00
8334; 54.00
8347; 54.00
8361; 54.00
8375; 54.00
8388; 54.00
8401; 54.00
8415; 54.00
8429; 54.00
8442; 54.00
8456; 54.00
8469; 54.00
8482; 54.00
8497; 54.00
8510; 54.00
8523; 54.00
8537; 54.00
8550; 54.00
8564; 54.00
8578; 54.00
8591; 54.00
8604; 54.00
8617; 54.00
8632; 54.00
8645; 54.00
8658; 54.00
8672; 54.00
8685; 54.00
8699; 54.00
8713; 54.00
8726; 54.00
8739; 54.00
8753; 114.00
8768; 114.00
8782; 114.00
8797; 114.00
8811; 114.00
8825; 114.00
8841; 114.00
8855; 114.00
8869; 114.00
8884; 114.00
8899; 114.00
8913; 114.00
8928; 114.00
8942; 114.00
8956; 114.00
8972; 114.00
8986; 114.00
9000; 114.00
9015; 114.00
9030; 114.00
9044; 114.00
9059; 114.00
9073; 114.00
9088; 114.00
9103; 114.00
9117; 114.00
9132; 114.00
9146; 114.00
9161; 114.00
9176; 114.00
9190; 114.00
9204; 114.00
9219; 114.00
9234; 114.00
9248; 114.00
9263; 114.00
9277; 114.00
9291; 114.00
9307; 114.00
9321; 114.00
9335; 114.00
9350; 114.00
9365; 54.00
9378; 54.00
9392; 54.00
9405; 54.00
9418; 54.00
9433; 54.00
9446; 54.00
9459; 54.00
9473; 54.00
9486; 54.00
9500; 54.00
9513; 54.00
9527; 54.00
9540; 54.00
9553; 54.00
9568; 54.00
9581; 54.00
9594; 54.00
9608; 54.00
9621; 54.00
9635; 54.00
9649; 54.00
9662; 54.00
9675; 54.00
9689; 54.00
9703; 54.00
9716; 54.00
9730; 54.00
9743; 54.00
9756; 54.00
9771; 54.00
9784; 54.00
9797; 54.00
9810; 54.00
9824; 54.00
9838; 54.00
9851; 54.00
9865; 54.00
9878; 54.00
9892; 54.00
9906; 54.00
9919; 54.00
9932; 54.00
9946; 55.00
9960; 114.00
9974; 114.00
9989; 114.00
10003; 114.00
10018; 114.00
10035; 114.00
10050; 114.00
10065; 114.00
10081; 114.00
10097; 114.00
10113; 114.00
10128; 114.00
10143; 114.00
10160; 114.00
10175; 114.00
10190; 114.00
10206; 114.00
10221; 114.00
10237; 114.00
10253; 114.00
10268; 114.00
10284; 114.00
10300; 114.00
10315; 114.00
10331; 114.00
10346; 114.00
10362; 114.00
10378; 114.00
10393; 114.00
10408; 114.00
10425; 114.00
10440; 114.00
10456; 114.00
10471; 114.00
10486; 114.00
10503; 114.00
10518; 114.00
10533; 114.00
10549; 114.00
10565; 54.00
10579; 54.00
10594; 54.00
10608; 54.00
10622; 54.00
10638; 54.00
10652; 54.00
10667; 54.00
10681; 54.00
10696; 54.00
10711; 54.00
10725; 54.00
10739; 54.00
10754; 54.00
10769; 54.00
10783; 54.00
10798; 54.00
10812; 54.00
10827; 54.00
10842; 54.00
10856; 54.00
10870; 54.00
10885; 54.00
10900; 55.00
10914; 54.00
10929; 55.00
10943; 55.00
10958; 55.00
10973; 55.00
10987; 54.00
11001; 55.00
11016; 55.00
11031; 55.00
11045; 54.00
11060; 54.00
11074; 54.00
11088; 54.00
11104; 54.00
11118; 54.00
11132; 54.00
11147; 54.00
11162; 114.00
11177; 114.00
11193; 114.00
11208; 114.00
11225; 114.00
11240; 114.00
11255; 114.00
11271; 114.00
11286; 114.00
11302; 114.00
11318; 114.00
11333; 114.00
11348; 114.00
11365; 114.00
11380; 114.00
11396; 114.00
11411; 114.00
11427; 114.00
11443; 114.00
11458; 114.00
11473; 114.00
11490; 114.00
11505; 114.00
11521; 114.00
11536; 114.00
11551; 114.00
11568; 114.00
11583; 114.00
11598; 114.00
11614; 114.00
11630; 114.00
11645; 114.00
11661; 114.00
11676; 114.00
11693; 114.00
11708; 114.00
11723; 114.00
11739; 114.00
11754; 114.00
11770; 114.00
11786; 114.00
11801; 114.00
11816; 114.00
11833; 114.00
11848; 114.00
11864; 114.00
11879; 114.00
11895; 114.00
11911; 114.00
11926; 114.00
11941; 114.00
11958; 114.00
11973; 114.00
11988; 114.00
12004; 114.00
12019; 114.00
12036; 114.00
12051; 114.00
12066; 114.00
12082; 114.00
12098; 114.00
12113; 114.00
12129; 114.00
12144; 114.00
12161; 114.00
12176; 114.00
12191; 114.00
12207; 114.00
12223; 114.00
12238; 114.00
12254; 114.00
12269; 114.00
12284; 113.00
12301; 113.00
12316; 112.00
12332; 112.00
12347; 111.00
12363; 111.00
12379; 111.00
12394; 111.00
12409; 110.00
12426; 109.00
12441; 110.00
12456; 110.00
12472; 110.00
12488; 110.00
12504; 110.00
12519; 109.00
12534; 110.00
12550; 110.00
12566; 110.00
12581; 110.00
12597; 110.00
12612; 110.00
12628; 110.00
12644; 110.00
12659; 110.00
12675; 110.00
12691; 110.00
12706; 110.00
12722; 110.00
12737; 109.00
12752; 110.00
12769; 110.00
12784; 110.00
12800; 110.00
12815; 110.00
12831; 110.00
12847; 110.00
12862; 110.00
12877; 110.00
12894; 110.00
12909; 110.00
12924; 110.00
12940; 110.00
12956; 110.00
12972; 110.00
12987; 110.00
13002; 110.00
13018; 110.00
13034; 110.00
13049; 110.00
13065; 110.00
13080; 110.00
13096; 110.00
13112; 110.00
13127; 110.00
13143; 110.00
13159; 110.00
13174; 110.00
13190; 110.00
13205; 110.00
13221; 110.00
13237; 110.00
13252; 110.00
13267; 110.00
13283; 110.00
13299; 110.00
13315; 110.00
13330; 110.00
13345; 110.00
13362; 110.00
13377; 110.00
13392; 110.00
13408; 110.00
13424; 110.00
13440; 110.00
13455; 110.00
13470; 110.00
13487; 110.00
13502; 110.00
13517; 110.00
13533; 110.00
13548; 110.00
13564; 110.00
13580; 110.00
13595; 110.00
13611; 110.00
13627; 110.00
13642; 110.00
13658; 110.00
13673; 110.00
13689; 110.00
13705; 110.00
13720; 110.00
13735; 110.00
13751; 110.00
13767; 50.00
13782; 50.00
13796; 50.00
13810; 50.00
13826; 50.00
13840; 50.00
13854; 50.00
13869; 50.00
13883; 50.00
13898; 50.00
13913; 50.00
13927; 50.00
13941; 50.00
13957; 50.00
13971; 50.00
13985; 50.00
14000; 50.00
14014; 50.00
14029; 50.00
14044; 50.00
14058; 50.00
14072; 50.00
14088; 50.00
14102; 50.00
14116; 50.00
14131; 50.00
14145; 50.00
14160; 49.00
14175; 50.00
14189; 50.00
14203; 50.00
14219; 50.00
14233; 50.00
14247; 50.00
14262; 50.00
14276; 50.00
14291; 50.00
14306; 50.00
14320; 50.00
14334; 50.00
14349; 50.00
14364; 50.00
14379; 50.00
14393; 50.00
14407; 50.00
14423; 50.00
14437; 50.00
14451; 50.00
14466; 50.00
14480; 50.00
14495; 50.00
14510; 50.00
14