 1.00
258; 1.00
25772; 1.00
25785; 1.00
25798; 1.00
25812; 1.00
25826; 1.00
25839; 1.00
25852; 1.00
25867; 1.00
25880; 1.00
20; 4.00
0; 4.00
1; 4.00
1; 4.00
1; 4.00
2; 4.00
2; 4.00
3; 4.00
7; 4.00
16; 4.00
26; 4.00
36; 4.00
48; 4.00
58; 4.00
68; 4.00
78; 4.00
89; 4.00
99; 4.00
110; 4.00
121; 4.00
133; 4.00
144; 4.00
155; 4.00
166; 4.00
179; 4.00
190; 4.00
201; 4.00
212; 4.00
224; 3.00
235; 4.00
247; 4.00
259; 4.00
270; 4.00
281; 4.00
292; 4.00
304; 4.00
316; 4.00
327; 4.00
338; 4.00
350; 4.00
361; 4.00
372; 4.00
385; 4.00
396; 4.00
407; 4.00
418; 4.00
430; 4.00
442; 4.00
453; 4.00
464; 4.00
476; 3.00
487; 4.00
498; 4.00
510; 4.00
522; 4.00
533; 4.00
544; 4.00
556; 4.00
567; 4.00
579; 4.00
590; 4.00
602; 4.00
613; 4.00
624; 4.00
635; 4.00
648; 4.00
659; 4.00
670; 6.00
681; 4.00
693; 4.00
704; 4.00
716; 4.00
728; 4.00
739; 4.00
750; 4.00
761; 4.00
774; 4.00
785; 4.00
796; 4.00
807; 4.00
819; 4.00
830; 4.00
842; 4.00
854; 4.00
865; 4.00
876; 4.00
887; 4.00
899; 4.00
911; 4.00
922; 4.00
933; 5.00
945; 4.00
956; 4.00
967; 4.00
979; 4.00
991; 4.00
1002; 4.00
1014; 4.00
1027; 4.00
1040; 4.00
1052; 4.00
1064; 4.00
1077; 3.00
1089; 4.00
1101; 4.00
1115; 4.00
1127; 4.00
1139; 4.00
1152; 4.00
1164; 4.00
1177; 4.00
1189; 4.00
1202; 4.00
1214; 4.00
1226; 4.00
1240; 4.00
1252; 4.00
1264; 4.00
1276; 4.00
1289; 4.00
1301; 4.00
1314; 4.00
1327; 4.00
1339; 4.00
1351; 4.00
1363; 4.00
1377; 4.00
1389; 4.00
1401; 64.00
1415; 64.00
1428; 64.00
1442; 64.00
1456; 64.00
1469; 64.00
1482; 64.00
1496; 64.00
1510; 64.00
1523; 64.00
1537; 64.00
1550; 64.00
1563; 64.00
1577; 64.00
1591; 64.00
1604; 64.00
1617; 64.00
1631; 64.00
1645; 64.00
1658; 64.00
1672; 64.00
1685; 64.00
1698; 64.00
1713; 64.00
1726; 64.00
1739; 64.00
1753; 64.00
1766; 64.00
1780; 64.00
1794; 64.00
1807; 64.00
1820; 64.00
1833; 64.00
1848; 64.00
1861; 64.00
1874; 64.00
1888; 64.00
1901; 64.00
1915; 64.00
1929; 64.00
1942; 64.00
1955; 64.00
1969; 64.00
1983; 64.00
1996; 64.00
2010; 64.00
2023; 64.00
2036; 64.00
2051; 64.00
2064; 64.00
2077; 64.00
2091; 64.00
2105; 64.00
2118; 64.00
2131; 64.00
2145; 64.00
2158; 64.00
2172; 64.00
2186; 64.00
2199; 64.00
2212; 64.00
2226; 64.00
2240; 64.00
2253; 64.00
2267; 64.00
2280; 64.00
2293; 64.00
2308; 64.00
2321; 64.00
2334; 64.00
2348; 64.00
2361; 64.00
2375; 64.00
2388; 64.00
2402; 64.00
2415; 64.00
2428; 64.00
2443; 64.00
2456; 64.00
2469; 63.00
2483; 64.00
2496; 64.00
2510; 64.00
2524; 64.00
2537; 64.00
2550; 64.00
2564; 64.00
2578; 64.00
2591; 64.00
2605; 64.00
2618; 64.00
2631; 64.00
2646; 64.00
2659; 64.00
2672; 64.00
2685; 63.00
2699; 63.00
2713; 64.00
2726; 64.00
2740; 64.00
2753; 64.00
2766; 64.00
2781; 64.00
2794; 64.00
2807; 64.00
2821; 64.00
2834; 64.00
2848; 64.00
2862; 64.00
2875; 64.00
2888; 64.00
2902; 64.00
2916; 63.00
2929; 63.00
2942; 64.00
2956; 64.00
2970; 64.00
2983; 64.00
2997; 64.00
3010; 64.00
3023; 64.00
3038; 64.00
3051; 64.00
3064; 64.00
3078; 64.00
3091; 64.00
3105; 64.00
3119; 64.00
3132; 64.00
3145; 64.00
3159; 64.00
3173; 64.00
3186; 64.00
3200; 64.00
3213; 64.00
3226; 64.00
3240; 64.00
3254; 64.00
3267; 64.00
3280; 64.00
3294; 64.00
3308; 64.00
3321; 64.00
3335; 64.00
3348; 64.00
3361; 64.00
3376; 64.00
3389; 64.00
3402; 4.00
3415; 4.00
3427; 4.00
3440; 4.00
3452; 4.00
3465; 3.00
3477; 4.00
3489; 3.00
3503; 4.00
3515; 4.00
3527; 3.00
3539; 3.00
3552; 4.00
3564; 4.00
3577; 4.00
3590; 4.00
3602; 4.00
3614; 4.00
3627; 4.00
3640; 4.00
3652; 4.00
3664; 4.00
3677; 4.00
3689; 4.00
3702; 4.00
3715; 4.00
3727; 4.00
3739; 4.00
3751; 4.00
3764; 4.00
3777; 4.00
3789; 4.00
3802; 4.00
3814; 4.00
3826; 4.00
3840; 4.00
3852; 4.00
3864; 4.00
3876; 4.00
3889; 4.00
3902; 4.00
3914; 3.00
3927; 4.00
3939; 4.00
3951; 4.00
3963; 4.00
3977; 4.00
3989; 4.00
4001; 4.00
4014; 4.00
4026; 4.00
4039; 4.00
4051; 3.00
4064; 3.00
4076; 4.00
4088; 4.00
4102; 4.00
4114; 3.00
4126; 3.00
4139; 4.00
4151; 3.00
4163; 4.00
4176; 4.00
4189; 4.00
4201; 4.00
4213; 4.00
4226; 3.00
4239; 4.00
4251; 3.00
4263; 4.00
4276; 4.00
4288; 4.00
4301; 4.00
4314; 3.00
4326; 4.00
4338; 4.00
4350; 4.00
4363; 3.00
4376; 4.00
4388; 4.00
4401; 4.00
4413; 4.00
4425; 3.00
4439; 4.00
4451; 4.00
4463; 4.00
4475; 4.00
4488; 4.00
4501; 3.00
4513; 4.00
4526; 4.00
4538; 4.00
4550; 4.00
4562; 4.00
4576; 4.00
4588; 4.00
4600; 4.00
4613; 4.00
4625; 4.00
4638; 4.00
4651; 4.00
4663; 4.00
4675; 4.00
4687; 4.00
4701; 3.00
4713; 4.00
4725; 4.00
4738; 3.00
4750; 4.00
4762; 4.00
4775; 4.00
4788; 4.00
4800; 4.00
4812; 4.00
4825; 3.00
4838; 4.00
4850; 4.00
4862; 4.00
4875; 3.00
4887; 4.00
4900; 3.00
4913; 4.00
4925; 3.00
4937; 4.00
4950; 3.00
4962; 4.00
4975; 3.00
4987; 4.00
5000; 3.00
5012; 4.00
5024; 4.00
5038; 4.00
5050; 4.00
5062; 4.00
5074; 3.00
5087; 4.00
5100; 4.00
5112; 4.00
5125; 4.00
5137; 4.00
5149; 4.00
5161; 4.00
5175; 4.00
5187; 4.00
5199; 3.00
5212; 3.00
5224; 4.00
5237; 3.00
5250; 4.00
5262; 3.00
5274; 4.00
5286; 3.00
5300; 4.00
5312; 3.00
5324; 4.00
5337; 4.00
5349; 4.00
5361; 4.00
5374; 4.00
5387; 4.00
5399; 64.00
5412; 64.00
5426; 64.00
5440; 64.00
5453; 64.00
5467; 64.00
5480; 64.00
5493; 64.00
5508; 64.00
5521; 64.00
5534; 64.00
5548; 64.00
5561; 64.00
5575; 64.00
5588; 64.00
5602; 64.00
5615; 64.00
5628; 64.00
5643; 64.00
5656; 64.00
5669; 64.00
5683; 64.00
5696; 64.00
5710; 64.00
5724; 64.00
5737; 64.00
5750; 64.00
5764; 64.00
5778; 64.00
5791; 64.00
5805; 64.00
5818; 64.00
5832; 64.00
5846; 64.00
5859; 64.00
5872; 64.00
5885; 64.00
5900; 64.00
5913; 64.00
5926; 64.00
5940; 64.00
5953; 64.00
5967; 64.00
5981; 64.00
5994; 4.00
6006; 4.00
6019; 4.00
6032; 4.00
6044; 3.00
6056; 4.00
6069; 4.00
6081; 4.00
6093; 3.00
6107; 3.00
6119; 4.00
6131; 4.00
6144; 4.00
6156; 3.00
6169; 4.00
6181; 3.00
6194; 4.00
6206; 3.00
6218; 4.00
6232; 3.00
6244; 4.00
6256; 4.00
6268; 4.00
6281; 4.00
6293; 4.00
6306; 4.00
6319; 4.00
6331; 4.00
6343; 3.00
6355; 4.00
6369; 4.00
6381; 4.00
6393; 4.00
6406; 4.00
6418; 4.00
6431; 4.00
6444; 4.00
6456; 4.00
6468; 4.00
6480; 4.00
6493; 3.00
6506; 4.00
6518; 3.00
6531; 4.00
6543; 3.00
6555; 4.00
6568; 3.00
6581; 3.00
6593; 59.00
6606; 64.00
6620; 64.00
6634; 64.00
6647; 64.00
6661; 64.00
6674; 64.00
6687; 64.00
6702; 64.00
6715; 64.00
6728; 64.00
6742; 64.00
6755; 64.00
6769; 64.00
6782; 64.00
6796; 64.00
6809; 64.00
6822; 64.00
6837; 64.00
6850; 64.00
6863; 64.00
6877; 64.00
6890; 64.00
6904; 64.00
6918; 64.00
6931; 64.00
6944; 64.00
6958; 64.00
6972; 64.00
6985; 64.00
6999; 64.00
7012; 64.00
7025; 64.00
7040; 64.00
7053; 64.00
7066; 64.00
7079; 64.00
7093; 64.00
7107; 64.00
7120; 64.00
7134; 64.00
7147; 64.00
7160; 64.00
7175; 64.00
7188; 64.00
7201; 4.00
7214; 3.00
7226; 4.00
7239; 4.00
7251; 4.00
7264; 4.00
7276; 3.00
7288; 4.00
7302; 3.00
7314; 4.00
7326; 4.00
7339; 4.00
7351; 4.00
7364; 3.00
7376; 4.00
7389; 4.00
7401; 4.00
7413; 3.00
7426; 4.00
7439; 4.00
7451; 4.00
7463; 3.00
7476; 4.00
7488; 4.00
7501; 4.00
7514; 4.00
7526; 3.00
7538; 4.00
7550; 4.00
7564; 4.00
7576; 4.00
7588; 3.00
7601; 4.00
7613; 3.00
7625; 4.00
7639; 4.00
7651; 3.00
7663; 3.00
7675; 4.00
7688; 4.00
7701; 4.00
7713; 4.00
7726; 4.00
7738; 4.00
7750; 4.00
7763; 4.00
7776; 4.00
7788; 4.00
7800; 64.00
7814; 64.00
7827; 64.00
7841; 64.00
7855; 64.00
7868; 64.00
7881; 64.00
7896; 64.00
7909; 64.00
7922; 64.00
7936; 64.00
7949; 64.00
7963; 64.00
7976; 64.00
7990; 64.00
8003; 64.00
8016; 64.00
8031; 64.00
8044; 64.00
8057; 64.00
8071; 64.00
8084; 64.00
8098; 64.00
8112; 64.00
8125; 64.00
8138; 64.00
8152; 63.00
8166; 64.00
8179; 64.00
8193; 64.00
8206; 64.00
8219; 64.00
8233; 64.00
8247; 64.00
8260; 64.00
8273; 64.00
8287; 64.00
8301; 64.00
8314; 64.00
8328; 64.00
8341; 64.00
8354; 64.00
8369; 64.00
8382; 63.00
8395; 4.00
8408; 3.00
8420; 4.00
8433; 4.00
8445; 3.00
8458; 4.00
8470; 3.00
8482; 3.00
8496; 4.00
8508; 4.00
8520; 3.00
8532; 4.00
8545; 4.00
8557; 4.00
8570; 4.00
8583; 4.00
8595; 4.00
8607; 3.00
8620; 4.00
8633; 3.00
8645; 4.00
8657; 4.00
8670; 4.00
8682; 4.00
8695; 4.00
8708; 4.00
8720; 4.00
8732; 4.00
8744; 3.00
8757; 4.00
8770; 3.00
8782; 4.00
8795; 4.00
8807; 4.00
8819; 4.00
8833; 4.00
8845; 4.00
8857; 3.00
8869; 4.00
8882; 4.00
8895; 4.00
8907; 4.00
8920; 4.00
8932; 4.00
8944; 4.00
8956; 4.00
8970; 4.00
8982; 4.00
8994; 64.00
9008; 64.00
9021; 63.00
9035; 64.00
9049; 64.00
9062; 64.00
9075; 64.00
9089; 64.00
9103; 64.00
9116; 64.00
9129; 64.00
9143; 64.00
9156; 64.00
9170; 64.00
9184; 64.00
9197; 64.00
9210; 64.00
9224; 64.00
9238; 64.00
9251; 64.00
9265; 64.00
9278; 64.00
9291; 64.00
9306; 64.00
9319; 64.00
9332; 64.00
9346; 64.00
9360; 64.00
9373; 64.00
9387; 64.00
9400; 64.00
9413; 64.00
9427; 64.00
9441; 64.00
9454; 64.00
9467; 64.00
9481; 64.00
9495; 64.00
9508; 64.00
9522; 64.00
9535; 64.00
9548; 64.00
9563; 64.00
9576; 64.00
9589; 64.00
9603; 3.00
9615; 4.00
9628; 4.00
9640; 4.00
9653; 4.00
9665; 4.00
9677; 4.00
9690; 4.00
9703; 4.00
9715; 4.00
9728; 4.00
9740; 4.00
9752; 4.00
9765; 4.00
9778; 4.00
9790; 4.00
9802; 4.00
9815; 3.00
9828; 4.00
9840; 4.00
9852; 4.00
9865; 4.00
9877; 4.00
9889; 4.00
9903; 3.00
9915; 4.00
9927; 3.00
9939; 4.00
9952; 3.00
9965; 4.00
9977; 4.00
9990; 4.00
10002; 4.00
10015; 4.00
10030; 3.00
10043; 4.00
10056; 4.00
10070; 4.00
10083; 3.00
10097; 4.00
10110; 4.00
10124; 4.00
10137; 3.00
10150; 4.00
10165; 4.00
10178; 3.00
10191; 3.00
10205; 64.00
10219; 64.00
10234; 64.00
10249; 64.00
10263; 64.00
10277; 64.00
10293; 64.00
10307; 64.00
10321; 64.00
10336; 64.00
10350; 64.00
10365; 64.00
10380; 64.00
10394; 64.00
10408; 64.00
10423; 64.00
10438; 64.00
10452; 64.00
10467; 64.00
10481; 64.00
10497; 64.00
10511; 64.00
10525; 64.00
10540; 64.00
10554; 64.00
10569; 64.00
10584; 64.00
10598; 64.00
10612; 64.00
10628; 64.00
10642; 64.00
10656; 64.00
10671; 64.00
10685; 64.00
10700; 64.00
10715; 64.00
10729; 64.00
10743; 64.00
10759; 64.00
10773; 64.00
10787; 64.00
10802; 4.00
10815; 3.00
10829; 4.00
10843; 4.00
10856; 4.00
10869; 4.00
10883; 4.00
10897; 4.00
10910; 4.00
10924; 4.00
10937; 4.00
10950; 4.00
10964; 4.00
10978; 4.00
10991; 4.00
11004; 4.00
11018; 4.00
11032; 4.00
11045; 4.00
11059; 4.00
11072; 4.00
11085; 4.00
11100; 4.00
11113; 4.00
11126; 4.00
11140; 4.00
11153; 4.00
11167; 4.00
11181; 4.00
11194; 4.00
11207; 4.00
11220; 4.00
11235; 4.00
11248; 4.00
11261; 4.00
11275; 4.00
11288; 4.00
11302; 4.00
11316; 4.00
11329; 4.00
11342; 4.00
11357; 4.00
11370; 4.00
11383; 4.00
11397; 64.00
11411; 64.00
11426; 64.00
11441; 64.00
11455; 64.00
11469; 64.00
11484; 65.00
11499; 64.00
11513; 64.00
11528; 64.00
11542; 64.00
11557; 64.00
11572; 64.00
11586; 64.00
11600; 64.00
11615; 64.00
11630; 64.00
11644; 64.00
11659; 64.00
11673; 64.00
11687; 64.00
11703; 64.00
11717; 64.00
11731; 64.00
11746; 64.00
11761; 64.00
11776; 64.00
11790; 64.00
11804; 64.00
11819; 64.00
11834; 64.00
11848; 64.00
11863; 64.00
11877; 64.00
11892; 64.00
11907; 64.00
11921; 64.00
11935; 64.00
11950; 64.00
11965; 64.00
11979; 64.00
11994; 64.00
12008; 64.00
12023; 64.00
12038; 64.00
12052; 64.00
12066; 64.00
12081; 64.00
12096; 64.00
12110; 64.00
12125; 64.00
12139; 64.00
12153; 64.00
12169; 64.00
12183; 64.00
12197; 64.00
12212; 64.00
12227; 64.00
12241; 64.00
12256; 64.00
12270; 64.00
12284; 64.00
12300; 64.00
12314; 64.00
12328; 64.00
12343; 64.00
12358; 64.00
12372; 64.00
12387; 64.00
12401; 64.00
12416; 64.00
12431; 64.00
12445; 64.00
12460; 64.00
12474; 64.00
12489; 64.00
12504; 64.00
12518; 64.00
12532; 64.00
12547; 64.00
12562; 64.00
12576; 64.00
12591; 64.00
12605; 64.00
12619; 64.00
12635; 64.00
12649; 64.00
12663; 65.00
12678; 64.00
12693; 64.00
12707; 64.00
12722; 64.00
12736; 64.00
12750; 64.00
12766; 64.00
12780; 64.00
12794; 64.00
12809; 64.00
12824; 64.00
12838; 64.00
12853; 64.00
12867; 64.00
12881; 64.00
12897; 64.00
12911; 64.00
12925; 64.00
12940; 64.00
12955; 64.00
12969; 64.00
12984; 64.00
12998; 64.00
13012; 64.00
13028; 64.00
13042; 64.00
13057; 64.00
13071; 64.00
13085; 64.00
13101; 64.00
13115; 64.00
13129; 64.00
13144; 64.00
13159; 64.00
13173; 64.00
13188; 64.00
13202; 64.00
13216; 64.00
13232; 64.00
13246; 64.00
13260; 64.00
13275; 64.00
13290; 64.00
13304; 64.00
13319; 64.00
13333; 64.00
13347; 64.00
13363; 64.00
13377; 64.00
13391; 64.00
13406; 64.00
13421; 65.00
13435; 64.00
13450; 65.00
13464; 64.00
13478; 64.00
13494; 65.00
13508; 65.00
13522; 64.00
13537; 65.00
13551; 64.00
13566; 64.00
13581; 64.00
13595; 64.00
13609; 64.00
13625; 64.00
13639; 64.00
13654; 63.00
13668; 63.00
13682; 63.00
13698; 63.00
13712; 63.00
13726; 62.00
13741; 62.00
13756; 62.00
13770; 62.00
13785; 61.00
13799; 61.00
13813; 61.00
13829; 61.00
13843; 61.00
13857; 61.00
13872; 61.00
13887; 61.00
13901; 61.00
13916; 60.00
13930; 61.00
13944; 61.00
13960; 61.00
13974; 60.00
13988; 61.00
14003; 1.00
14016; 1.00
14030; 1.00
14044; 1.00
14057; 1.00
14070; 1.00
14084; 1.00
14098; 1.00
14111; 1.00
14125; 1.00
14138; 1.00
14152; 1.00
14166; 1.00
14179; 1.00
14192; 1.00
14205; 1.00
14220; 1.00
14233; 1.00
14246; 1.00
14260; 1.00
14273; 1.00
14287; 1.00
14301; 1.00
14314; 1.00
14327; 1.00
14341; 1.00
14355; 1.00
14368; 1.00
14382; 1.00
14395; 1.00
14408; 1.00
14423; 1.00
14436; 1.00
14449; 1.00
14462; 1.00
14476; 1.00
14490; 1.00
14503; 1.00
14517; 1.00
14530; 1.00
14543; 1.00
14558; 1.00
14571; 1.00
14584; 1.00
14598; 1.00
14611; 1.00
14625; 1.00
14639; 1.00
14652; 1.00
14665; 1.00
14679; 1.00
14693; 1.00
14706; 1.00
14720; 1.00
14733; 1.00
14746; 1.00
14760; 1.00
14774; 1.00
14787; 1.00
14800; 1.00
14814; 1.00
14828; 1.00
14841; 1.00
14855; 1.00
14868; 1.00
14881; 1.00
14896; 1.00
14909; 1.00
14922; 1.00
14936; 1.00
14949; 1.00
14963; 1.00
14977; 1.00
14990; 1.00
15003; 1.00
15017; 1.00
15031; 1.00
15044; 1.00
15057; 1.00
15071; 1.00
15085; 1.00
15098; 1.00
15112; 1.00
15125; 1.00
15138; 1.00
15153; 1.00
15166; 1.00
15179; 1.00
15193; 1.00
15206; 1.00
15220; 1.00
15234; 1.00
15247; 1.00
15260; 1.00
15273; 1.00
15288; 1.00
15301; 1.00
15314; 1.00
15328; 1.00
15341; 1.00
15355; 1.00
15369; 1.00
15382; 1.00
15395; 1.00
15409; 1.00
15423; 1.00
15436; 1.00
15450; 1.00
15463; 1.00
15476; 1.00
15491; 1.00
15504; 1.00
15517; 1.00
15531; 1.00
15544; 1.00
15558; 1.00
15571; 1.00
15585; 1.00
15598; 1.00
15611; 1.00
15626; 1.00
15639; 1.00
15652; 1.00
15666; 1.00
15679; 1.00
15693; 1.00
15707; 1.00
15720; 1.00
15733; 1.00
15747; 1.00
15761; 1.00
15774; 1.00
15788; 2.00
15801; 1.00
15