00
39688; 52.00
39702; 52.00
39717; 52.00
39732; 52.00
39746; 52.00
39760; 52.00
39775; 52.00
39790; 52.00
30; 54.00
0; 54.00
1; 54.00
1; 54.00
2; 54.00
2; 55.00
3; 54.00
5; 55.00
15; 55.00
26; 55.00
37; 54.00
50; 54.00
61; 54.00
72; 54.00
83; 55.00
95; 55.00
106; 54.00
119; 54.00
132; 54.00
144; 54.00
156; 55.00
168; 54.00
182; 54.00
194; 54.00
206; 54.00
219; 54.00
231; 55.00
244; 54.00
257; 54.00
269; 54.00
281; 54.00
293; 54.00
306; 55.00
319; 54.00
331; 55.00
344; 54.00
356; 55.00
368; 54.00
381; 55.00
394; 54.00
406; 55.00
418; 54.00
431; 63.00
444; 63.00
456; 63.00
468; 63.00
481; 63.00
493; 63.00
505; 63.00
519; 63.00
531; 63.00
543; 63.00
556; 63.00
568; 63.00
581; 63.00
593; 63.00
606; 63.00
618; 63.00
630; 63.00
644; 63.00
656; 63.00
668; 63.00
680; 63.00
693; 63.00
705; 63.00
718; 63.00
731; 63.00
743; 63.00
755; 63.00
768; 63.00
781; 63.00
793; 63.00
805; 63.00
818; 63.00
830; 63.00
843; 63.00
856; 63.00
868; 63.00
880; 63.00
892; 63.00
905; 63.00
918; 63.00
930; 63.00
943; 63.00
955; 63.00
967; 63.00
980; 63.00
993; 63.00
1005; 63.00
1018; 63.00
1032; 63.00
1046; 63.00
1059; 63.00
1073; 63.00
1086; 63.00
1099; 63.00
1114; 63.00
1127; 63.00
1140; 63.00
1154; 63.00
1167; 63.00
1181; 63.00
1195; 63.00
1208; 63.00
1221; 63.00
1234; 63.00
1249; 63.00
1262; 63.00
1275; 63.00
1289; 63.00
1302; 63.00
1316; 63.00
1330; 64.00
1343; 63.00
1356; 63.00
1370; 63.00
1384; 63.00
1397; 63.00
1411; 63.00
1424; 63.00
1437; 63.00
1452; 63.00
1465; 63.00
1478; 63.00
1491; 63.00
1506; 63.00
1519; 63.00
1532; 63.00
1546; 63.00
1559; 63.00
1573; 63.00
1587; 63.00
1600; 63.00
1613; 63.00
1627; 63.00
1641; 63.00
1654; 63.00
1668; 63.00
1681; 63.00
1694; 63.00
1709; 63.00
1722; 63.00
1735; 63.00
1748; 63.00
1762; 63.00
1776; 63.00
1789; 63.00
1803; 63.00
1816; 63.00
1829; 63.00
1844; 63.00
1857; 63.00
1870; 63.00
1884; 63.00
1897; 63.00
1911; 63.00
1925; 63.00
1938; 63.00
1951; 63.00
1965; 63.00
1979; 63.00
1992; 63.00
2006; 63.00
2019; 63.00
2032; 63.00
2046; 63.00
2060; 63.00
2073; 63.00
2086; 63.00
2100; 63.00
2114; 63.00
2127; 63.00
2141; 63.00
2154; 63.00
2167; 63.00
2182; 63.00
2195; 63.00
2208; 63.00
2222; 63.00
2235; 63.00
2249; 63.00
2263; 63.00
2276; 63.00
2289; 63.00
2302; 63.00
2317; 63.00
2330; 63.00
2343; 63.00
2357; 63.00
2371; 63.00
2384; 63.00
2398; 63.00
2411; 63.00
2424; 55.00
2439; 55.00
2452; 55.00
2465; 55.00
2479; 55.00
2492; 55.00
2506; 54.00
2520; 55.00
2533; 55.00
2546; 55.00
2560; 55.00
2574; 55.00
2587; 55.00
2600; 55.00
2614; 55.00
2627; 55.00
2641; 55.00
2655; 55.00
2668; 55.00
2681; 54.00
2695; 55.00
2709; 54.00
2722; 55.00
2736; 54.00
2749; 55.00
2762; 55.00
2777; 55.00
2790; 55.00
2803; 55.00
2817; 55.00
2830; 55.00
2844; 55.00
2857; 55.00
2871; 55.00
2884; 55.00
2897; 55.00
2912; 55.00
2925; 55.00
2938; 55.00
2952; 55.00
2965; 55.00
2979; 55.00
2993; 55.00
3006; 55.00
3019; 55.00
3033; 55.00
3047; 55.00
3060; 55.00
3074; 55.00
3087; 55.00
3100; 55.00
3115; 55.00
3128; 55.00
3141; 55.00
3154; 55.00
3168; 55.00
3182; 55.00
3195; 54.00
3209; 55.00
3222; 55.00
3236; 55.00
3250; 55.00
3263; 55.00
3276; 55.00
3290; 55.00
3304; 55.00
3317; 55.00
3331; 54.00
3344; 55.00
3357; 55.00
3372; 55.00
3385; 55.00
3398; 55.00
3411; 55.00
3425; 54.00
3439; 54.00
3452; 55.00
3466; 55.00
3479; 55.00
3492; 55.00
3507; 55.00
3520; 55.00
3533; 55.00
3547; 55.00
3560; 55.00
3574; 55.00
3588; 55.00
3601; 55.00
3614; 54.00
3628; 55.00
3642; 55.00
3655; 55.00
3668; 55.00
3682; 55.00
3695; 55.00
3709; 55.00
3723; 55.00
3736; 54.00
3749; 55.00
3763; 55.00
3777; 55.00
3790; 55.00
3804; 55.00
3817; 54.00
3830; 54.00
3845; 55.00
3858; 55.00
3871; 55.00
3885; 55.00
3898; 55.00
3912; 55.00
3926; 54.00
3939; 55.00
3952; 55.00
3965; 55.00
3980; 55.00
3993; 55.00
4006; 55.00
4020; 55.00
4033; 55.00
4047; 54.00
4061; 54.00
4074; 54.00
4087; 55.00
4102; 55.00
4115; 54.00
4128; 55.00
4142; 55.00
4155; 54.00
4169; 55.00
4183; 55.00
4196; 55.00
4209; 55.00
4222; 55.00
4237; 55.00
4250; 55.00
4263; 55.00
4277; 55.00
4290; 54.00
4304; 54.00
4318; 55.00
4331; 55.00
4344; 54.00
4358; 55.00
4372; 55.00
4385; 54.00
4399; 55.00
4412; 55.00
4425; 63.00
4440; 63.00
4453; 63.00
4466; 63.00
4480; 63.00
4493; 63.00
4507; 63.00
4520; 63.00
4534; 63.00
4547; 63.00
4560; 63.00
4575; 63.00
4588; 63.00
4601; 63.00
4615; 63.00
4628; 63.00
4642; 63.00
4656; 63.00
4669; 63.00
4682; 63.00
4696; 63.00
4710; 63.00
4723; 63.00
4737; 63.00
4750; 63.00
4763; 63.00
4777; 63.00
4791; 63.00
4804; 63.00
4817; 63.00
4831; 63.00
4845; 63.00
4858; 63.00
4872; 63.00
4885; 63.00
4898; 63.00
4913; 63.00
4926; 63.00
4939; 63.00
4953; 63.00
4967; 63.00
4980; 63.00
4994; 63.00
5007; 63.00
5020; 63.00
5035; 54.00
5048; 55.00
5061; 55.00
5074; 55.00
5088; 55.00
5102; 55.00
5115; 54.00
5129; 55.00
5142; 55.00
5155; 55.00
5170; 55.00
5183; 55.00
5196; 54.00
5210; 54.00
5223; 55.00
5237; 55.00
5251; 55.00
5264; 54.00
5277; 55.00
5291; 55.00
5305; 55.00
5318; 55.00
5331; 55.00
5345; 55.00
5358; 55.00
5372; 55.00
5386; 55.00
5399; 55.00
5412; 55.00
5426; 54.00
5440; 55.00
5453; 55.00
5467; 55.00
5480; 55.00
5493; 54.00
5508; 55.00
5521; 55.00
5534; 55.00
5548; 55.00
5561; 54.00
5575; 55.00
5588; 55.00
5602; 55.00
5615; 55.00
5628; 63.00
5643; 63.00
5656; 63.00
5669; 63.00
5683; 63.00
5696; 63.00
5710; 63.00
5724; 63.00
5737; 63.00
5750; 63.00
5764; 63.00
5778; 63.00
5791; 63.00
5805; 63.00
5818; 63.00
5832; 63.00
5846; 63.00
5859; 63.00
5872; 63.00
5885; 63.00
5900; 63.00
5913; 63.00
5926; 63.00
5940; 63.00
5953; 63.00
5967; 63.00
5981; 63.00
5994; 63.00
6007; 63.00
6021; 63.00
6035; 63.00
6048; 63.00
6062; 63.00
6075; 63.00
6088; 63.00
6103; 63.00
6116; 63.00
6129; 63.00
6142; 63.00
6156; 63.00
6170; 63.00
6183; 62.00
6197; 63.00
6210; 63.00
6223; 55.00
6238; 55.00
6251; 55.00
6264; 55.00
6278; 54.00
6291; 55.00
6305; 55.00
6319; 55.00
6332; 55.00
6345; 55.00
6359; 54.00
6373; 55.00
6386; 55.00
6400; 54.00
6413; 54.00
6426; 55.00
6440; 55.00
6454; 55.00
6467; 55.00
6480; 55.00
6494; 55.00
6508; 55.00
6521; 55.00
6535; 54.00
6548; 55.00
6561; 55.00
6576; 55.00
6589; 55.00
6602; 55.00
6616; 55.00
6629; 54.00
6643; 54.00
6657; 55.00
6670; 55.00
6683; 55.00
6697; 55.00
6711; 55.00
6724; 55.00
6737; 55.00
6751; 55.00
6765; 55.00
6778; 54.00
6792; 55.00
6805; 54.00
6818; 55.00
6833; 63.00
6846; 63.00
6859; 63.00
6873; 63.00
6886; 63.00
6900; 63.00
6914; 63.00
6927; 63.00
6940; 63.00
6953; 63.00
6968; 63.00
6981; 63.00
6994; 63.00
7008; 63.00
7021; 63.00
7035; 63.00
7049; 63.00
7062; 63.00
7075; 63.00
7089; 63.00
7103; 62.00
7116; 63.00
7130; 63.00
7143; 63.00
7156; 63.00
7171; 63.00
7184; 63.00
7197; 63.00
7211; 63.00
7224; 62.00
7238; 63.00
7251; 63.00
7265; 63.00
7278; 63.00
7291; 63.00
7306; 63.00
7319; 63.00
7332; 63.00
7346; 63.00
7359; 63.00
7373; 63.00
7387; 63.00
7400; 63.00
7413; 63.00
7427; 55.00
7441; 55.00
7454; 54.00
7468; 55.00
7481; 54.00
7494; 55.00
7508; 55.00
7522; 54.00
7535; 55.00
7548; 54.00
7563; 54.00
7576; 55.00
7589; 55.00
7603; 54.00
7616; 55.00
7630; 55.00
7644; 55.00
7657; 55.00
7670; 55.00
7684; 54.00
7698; 55.00
7711; 55.00
7725; 55.00
7738; 54.00
7751; 54.00
7766; 55.00
7779; 54.00
7792; 54.00
7805; 55.00
7819; 55.00
7833; 55.00
7846; 55.00
7860; 55.00
7873; 55.00
7886; 54.00
7901; 55.00
7914; 54.00
7927; 54.00
7941; 55.00
7954; 54.00
7968; 54.00
7982; 54.00
7995; 55.00
8008; 55.00
8022; 60.00
8036; 63.00
8049; 63.00
8062; 63.00
8076; 63.00
8089; 63.00
8103; 63.00
8117; 63.00
8130; 63.00
8143; 62.00
8157; 63.00
8171; 63.00
8184; 63.00
8198; 63.00
8211; 63.00
8224; 63.00
8239; 63.00
8252; 63.00
8265; 63.00
8279; 63.00
8292; 63.00
8306; 63.00
8320; 63.00
8333; 63.00
8346; 63.00
8359; 63.00
8374; 63.00
8387; 63.00
8400; 63.00
8414; 63.00
8428; 63.00
8441; 63.00
8455; 63.00
8468; 63.00
8481; 63.00
8496; 63.00
8509; 63.00
8522; 63.00
8536; 63.00
8549; 63.00
8563; 63.00
8577; 63.00
8590; 63.00
8603; 63.00
8616; 63.00
8631; 54.00
8644; 55.00
8657; 54.00
8671; 54.00
8684; 55.00
8698; 54.00
8712; 54.00
8725; 54.00
8738; 55.00
8752; 54.00
8766; 55.00
8779; 55.00
8793; 55.00
8806; 55.00
8819; 55.00
8834; 54.00
8847; 55.00
8860; 54.00
8873; 54.00
8887; 54.00
8901; 55.00
8914; 55.00
8928; 55.00
8941; 54.00
8954; 54.00
8969; 55.00
8982; 55.00
8995; 55.00
9009; 55.00
9022; 55.00
9036; 55.00
9050; 55.00
9063; 55.00
9076; 55.00
9090; 54.00
9104; 54.00
9117; 54.00
9131; 54.00
9144; 55.00
9157; 55.00
9171; 54.00
9185; 55.00
9198; 55.00
9211; 55.00
9225; 62.00
9239; 63.00
9252; 63.00
9266; 63.00
9279; 63.00
9293; 63.00
9307; 63.00
9320; 63.00
9333; 62.00
9347; 62.00
9361; 63.00
9374; 63.00
9388; 63.00
9401; 63.00
9414; 63.00
9428; 63.00
9442; 63.00
9455; 63.00
9468; 63.00
9482; 63.00
9496; 63.00
9509; 63.00
9523; 63.00
9536; 63.00
9549; 63.00
9564; 63.00
9577; 62.00
9590; 63.00
9604; 63.00
9617; 63.00
9631; 63.00
9645; 63.00
9658; 63.00
9671; 63.00
9684; 63.00
9699; 63.00
9712; 63.00
9725; 63.00
9739; 63.00
9752; 63.00
9766; 63.00
9780; 63.00
9793; 62.00
9806; 62.00
9820; 63.00
9834; 55.00
9847; 55.00
9861; 55.00
9874; 55.00
9887; 55.00
9902; 55.00
9915; 55.00
9928; 55.00
9942; 55.00
9955; 55.00
9969; 55.00
9982; 55.00
9996; 55.00
10009; 54.00
10023; 55.00
10039; 54.00
10053; 54.00
10067; 55.00
10082; 55.00
10097; 54.00
10112; 54.00
10126; 55.00
10140; 54.00
10155; 54.00
10170; 55.00
10184; 55.00
10199; 55.00
10213; 55.00
10228; 54.00
10243; 54.00
10257; 54.00
10271; 54.00
10286; 54.00
10301; 55.00
10315; 55.00
10330; 54.00
10344; 54.00
10359; 54.00
10374; 54.00
10388; 55.00
10402; 54.00
10417; 54.00
10432; 63.00
10446; 63.00
10461; 63.00
10475; 63.00
10489; 62.00
10505; 63.00
10519; 63.00
10533; 63.00
10548; 63.00
10563; 63.00
10577; 63.00
10592; 63.00
10606; 63.00
10620; 63.00
10636; 63.00
10650; 63.00
10664; 63.00
10679; 63.00
10694; 63.00
10708; 63.00
10723; 62.00
10737; 62.00
10752; 62.00
10767; 62.00
10781; 63.00
10796; 63.00
10810; 63.00
10825; 63.00
10840; 63.00
10854; 63.00
10868; 63.00
10883; 63.00
10898; 63.00
10912; 63.00
10927; 63.00
10941; 63.00
10955; 63.00
10971; 63.00
10985; 63.00
10999; 62.00
11014; 63.00
11029; 62.00
11043; 62.00
11058; 63.00
11072; 63.00
11086; 63.00
11102; 63.00
11116; 63.00
11130; 63.00
11145; 63.00
11160; 63.00
11174; 63.00
11189; 63.00
11203; 63.00
11217; 63.00
11233; 63.00
11247; 62.00
11261; 63.00
11276; 63.00
11291; 62.00
11305; 63.00
11320; 63.00
11334; 63.00
11348; 63.00
11364; 63.00
11378; 63.00
11393; 63.00
11407; 63.00
11421; 63.00
11437; 63.00
11451; 63.00
11465; 63.00
11480; 62.00
11495; 63.00
11509; 62.00
11524; 63.00
11538; 63.00
11552; 62.00
11568; 63.00
11582; 63.00
11596; 63.00
11611; 62.00
11626; 63.00
11640; 63.00
11655; 62.00
11669; 63.00
11683; 63.00
11699; 62.00
11713; 63.00
11727; 63.00
11742; 63.00
11757; 63.00
11771; 63.00
11786; 63.00
11800; 63.00
11814; 63.00
11830; 63.00
11844; 63.00
11858; 63.00
11873; 63.00
11887; 63.00
11902; 63.00
11917; 63.00
11931; 63.00
11945; 63.00
11961; 63.00
11975; 63.00
11990; 63.00
12004; 63.00
12018; 63.00
12034; 63.00
12048; 63.00
12062; 63.00
12077; 63.00
12092; 63.00
12106; 63.00
12121; 62.00
12135; 63.00
12149; 63.00
12165; 63.00
12179; 63.00
12193; 63.00
12208; 63.00
12223; 63.00
12237; 62.00
12252; 63.00
12266; 63.00
12280; 62.00
12296; 63.00
12310; 63.00
12324; 62.00
12339; 63.00
12353; 63.00
12368; 63.00
12383; 63.00
12397; 63.00
12411; 63.00
12427; 63.00
12441; 63.00
12455; 63.00
12470; 63.00
12484; 63.00
12499; 62.00
12514; 63.00
12528; 63.00
12542; 63.00
12558; 63.00
12572; 63.00
12587; 63.00
12601; 63.00
12615; 63.00
12631; 62.00
12645; 63.00
12659; 63.00
12674; 62.00
12689; 63.00
12703; 63.00
12718; 63.00
12732; 63.00
12746; 63.00
12762; 63.00
12776; 63.00
12790; 62.00
12805; 63.00
12819; 63.00
12834; 62.00
12849; 63.00
12863; 63.00
12877; 63.00
12893; 63.00
12907; 62.00
12921; 63.00
12936; 62.00
12950; 63.00
12965; 62.00
12980; 63.00
12994; 63.00
13008; 63.00
13024; 59.00
13038; 55.00
13052; 54.00
13067; 55.00
13081; 55.00
13096; 54.00
13111; 55.00
13125; 54.00
13139; 55.00
13155; 54.00
13169; 55.00
13184; 54.00
13198; 54.00
13212; 54.00
13228; 55.00
13242; 55.00
13256; 55.00
13271; 55.00
13285; 54.00
13300; 54.00
13315; 54.00
13329; 54.00
13343; 54.00
13359; 55.00
13373; 54.00
13387; 54.00
13402; 54.00
13416; 54.00
13431; 54.00
13446; 54.00
13460; 55.00
13474; 54.00
13490; 54.00
13504; 54.00
13518; 54.00
13533; 54.00
13547; 54.00
13562; 54.00
13577; 54.00
13591; 54.00
13605; 54.00
13621; 54.00
13635; 54.00
13649; 54.00
13664; 54.00
13678; 54.00
13693; 54.00
13708; 54.00
13722; 54.00
13736; 54.00
13751; 54.00
13766; 54.00
13780; 54.00
13795; 54.00
13809; 54.00
13825; 54.00
13839; 54.00
13853; 54.00
13868; 54.00
13882; 54.00
13897; 54.00
13912; 54.00
13926; 54.00
13940; 54.00
13956; 53.00
13970; 54.00
13984; 53.00
13999; 54.00
14013; 54.00
14028; 53.00
14043; 53.00
14057; 54.00
14071; 54.00
14087; 54.00
14101; 54.00
14115; 54.00
14130; 53.00
14144; 54.00
14159; 53.00
14174; 54.00
14188; 53.00
14202; 54.00
14217; 54.00
14232; 54.00
14246; 54.00
14261; 54.00
14275; 54.00
14290; 54.00
14305; 54.00
14319; 54.00
14333; 54.00
14348; 54.00
14363; 54.00
14377; 54.00
14392; 54.00
14406; 54.00
14422; 54.00
14436; 54.00
14450; 54.00
14465; 54.00
14479; 54.00
14494; 54.00
14509; 53.00
14523; 53.00
14537; 53.00
14553; 53.00
14567; 53.00
14581; 53.00
14596; 52.00
14610; 52.00
14625; 52.00
14640; 52.00
14654; 52.00
14668; 52.00
14683; 52.00
14698; 52.00
14712; 52.00
14727; 52.00
14741; 52.00
14756; 52.00
14771; 52.00
14785; 52.00
14799; 52.00
14814; 52.00
14829; 52.00
14843; 52.00
14858; 52.00
14872; 52.00
14887; 52.00
14902; 52.00
14916; 51.00
14930; 52.00
14945; 52.00
14960; 52.00
14974; 52.00
14989; 52.00
15003; 52.00
15019; 52.00
15033; 52.00
15047; 52.00
15062; 52.00
15076; 52.00
15091; 52.00
15106; 52.00
15120; 52.00
15134; 52.00
15149; 52.00
15164; 52.00
15178; 52.00
15193; 52.00
15207; 52.00
15222; 52.00
15237; 52.00
15251; 52.00
15265; 52.00
15280; 52.00
15295; 52.00
15309; 52.00
15324; 52.00
15338; 52.00
15353; 52.00
15368; 52.00
15382; 52.00
15396; 52.00
15411; 52.00
15426; 52.00
15440; 52.00
15455; 52.00
15469; 52.00
15484; 52.00
15499; 52.00
15513; 52.00
15527; 52.00
15542; 52.00
15557; 52.00
15571; 52.00
15586; 52.00
15600; 52.00
15614; 52.00
15630; 52.00
15644; 52.00
15659; 52.00
15673; 52.00
15688; 52.00
15703; 52.0