45; 50.00
36960; 50.00
36974; 50.00
36989; 50.00
370040; 49.00
0; 50.00
1; 50.00
1; 49.00
2; 50.00
2; 50.00
3; 50.00
5; 50.00
15; 50.00
26; 50.00
37; 49.00
50; 50.00
61; 50.00
72; 50.00
83; 50.00
95; 50.00
106; 50.00
119; 50.00
132; 50.00
144; 50.00
156; 50.00
168; 50.00
182; 50.00
194; 50.00
206; 50.00
219; 50.00
231; 50.00
244; 49.00
257; 50.00
269; 49.00
281; 49.00
293; 49.00
306; 50.00
319; 50.00
331; 49.00
344; 50.00
356; 49.00
368; 50.00
381; 49.00
394; 50.00
406; 49.00
418; 50.00
431; 50.00
444; 50.00
456; 49.00
468; 50.00
481; 49.00
493; 50.00
505; 49.00
519; 50.00
531; 49.00
543; 49.00
556; 49.00
568; 50.00
581; 50.00
593; 50.00
606; 50.00
618; 49.00
630; 50.00
644; 50.00
656; 50.00
668; 49.00
680; 50.00
693; 50.00
705; 50.00
718; 50.00
731; 50.00
743; 49.00
755; 49.00
768; 49.00
781; 50.00
793; 49.00
805; 50.00
818; 49.00
830; 50.00
843; 49.00
856; 50.00
868; 49.00
880; 50.00
892; 49.00
905; 49.00
918; 49.00
930; 49.00
943; 49.00
955; 50.00
967; 50.00
980; 49.00
993; 50.00
1005; 49.00
1018; 50.00
1032; 49.00
1046; 50.00
1059; 50.00
1073; 50.00
1086; 49.00
1099; 50.00
1114; 50.00
1127; 49.00
1140; 50.00
1154; 50.00
1167; 49.00
1181; 50.00
1195; 49.00
1208; 50.00
1221; 50.00
1234; 50.00
1249; 49.00
1262; 50.00
1275; 49.00
1289; 50.00
1302; 50.00
1316; 50.00
1330; 50.00
1343; 50.00
1356; 50.00
1370; 49.00
1384; 49.00
1397; 50.00
1411; 50.00
1424; 49.00
1437; 50.00
1452; 49.00
1465; 50.00
1478; 50.00
1491; 50.00
1506; 49.00
1519; 50.00
1532; 49.00
1546; 49.00
1559; 50.00
1573; 50.00
1587; 50.00
1600; 50.00
1613; 50.00
1627; 50.00
1641; 50.00
1654; 49.00
1668; 50.00
1681; 50.00
1694; 50.00
1709; 49.00
1722; 50.00
1735; 50.00
1748; 50.00
1762; 50.00
1776; 49.00
1789; 50.00
1803; 50.00
1816; 50.00
1829; 49.00
1844; 49.00
1857; 50.00
1870; 50.00
1884; 50.00
1897; 50.00
1911; 49.00
1925; 49.00
1938; 50.00
1951; 50.00
1965; 50.00
1979; 50.00
1992; 50.00
2006; 49.00
2019; 50.00
2032; 50.00
2046; 50.00
2060; 50.00
2073; 51.00
2086; 51.00
2100; 52.00
2114; 52.00
2127; 53.00
2141; 53.00
2154; 53.00
2167; 54.00
2182; 54.00
2195; 54.00
2208; 54.00
2222; 54.00
2235; 54.00
2249; 54.00
2263; 54.00
2276; 55.00
2289; 55.00
2302; 55.00
2317; 55.00
2330; 55.00
2343; 55.00
2357; 55.00
2371; 55.00
2384; 55.00
2398; 55.00
2411; 55.00
2424; 55.00
2439; 55.00
2452; 54.00
2465; 55.00
2479; 55.00
2492; 55.00
2506; 55.00
2520; 54.00
2533; 55.00
2546; 55.00
2560; 55.00
2574; 55.00
2587; 55.00
2600; 55.00
2614; 55.00
2627; 55.00
2641; 55.00
2655; 55.00
2668; 55.00
2681; 54.00
2695; 54.00
2709; 55.00
2722; 55.00
2736; 55.00
2749; 54.00
2762; 55.00
2777; 55.00
2790; 55.00
2803; 55.00
2817; 55.00
2830; 55.00
2844; 55.00
2857; 55.00
2871; 55.00
2884; 54.00
2897; 55.00
2912; 55.00
2925; 54.00
2938; 55.00
2952; 55.00
2965; 55.00
2979; 54.00
2993; 55.00
3006; 54.00
3019; 54.00
3033; 54.00
3047; 54.00
3060; 54.00
3074; 54.00
3087; 54.00
3100; 54.00
3115; 54.00
3128; 54.00
3141; 54.00
3154; 54.00
3168; 54.00
3182; 54.00
3195; 54.00
3209; 54.00
3222; 55.00
3236; 55.00
3250; 55.00
3263; 55.00
3276; 55.00
3290; 55.00
3304; 55.00
3317; 55.00
3331; 54.00
3344; 55.00
3357; 55.00
3372; 55.00
3385; 55.00
3398; 55.00
3411; 55.00
3425; 55.00
3439; 55.00
3452; 55.00
3466; 55.00
3479; 55.00
3492; 55.00
3507; 55.00
3520; 55.00
3533; 55.00
3547; 55.00
3560; 54.00
3574; 55.00
3588; 55.00
3601; 55.00
3614; 55.00
3628; 55.00
3642; 55.00
3655; 55.00
3668; 55.00
3682; 55.00
3695; 55.00
3709; 55.00
3723; 55.00
3736; 55.00
3749; 55.00
3763; 55.00
3777; 55.00
3790; 54.00
3804; 55.00
3817; 55.00
3830; 55.00
3845; 55.00
3858; 55.00
3871; 55.00
3885; 54.00
3898; 54.00
3912; 102.00
3927; 102.00
3941; 102.00
3955; 102.00
3971; 102.00
3985; 102.00
3999; 102.00
4014; 102.00
4028; 102.00
4043; 102.00
4058; 102.00
4072; 102.00
4086; 102.00
4102; 102.00
4116; 102.00
4130; 102.00
4145; 102.00
4159; 102.00
4174; 102.00
4189; 102.00
4203; 102.00
4217; 102.00
4232; 102.00
4247; 102.00
4261; 102.00
4276; 102.00
4290; 102.00
4305; 102.00
4320; 102.00
4334; 102.00
4348; 102.00
4363; 102.00
4378; 102.00
4392; 102.00
4407; 102.00
4421; 102.00
4436; 102.00
4451; 102.00
4465; 102.00
4480; 101.00
4494; 102.00
4509; 102.00
4524; 102.00
4538; 102.00
4552; 102.00
4568; 102.00
4582; 102.00
4596; 102.00
4611; 102.00
4625; 102.00
4640; 102.00
4655; 102.00
4669; 102.00
4683; 102.00
4698; 101.00
4713; 102.00
4727; 102.00
4742; 102.00
4756; 102.00
4771; 102.00
4786; 102.00
4800; 102.00
4814; 101.00
4829; 102.00
4844; 102.00
4858; 102.00
4873; 102.00
4887; 102.00
4902; 102.00
4917; 102.00
4931; 102.00
4945; 102.00
4960; 102.00
4975; 102.00
4989; 102.00
5004; 102.00
5018; 102.00
5033; 102.00
5048; 102.00
5062; 101.00
5076; 102.00
5091; 102.00
5106; 102.00
5121; 102.00
5135; 102.00
5149; 102.00
5164; 102.00
5179; 102.00
5193; 102.00
5208; 101.00
5222; 102.00
5237; 102.00
5252; 102.00
5266; 102.00
5280; 102.00
5295; 102.00
5310; 102.00
5324; 101.00
5339; 102.00
5353; 102.00
5368; 102.00
5383; 102.00
5397; 102.00
5411; 102.00
5426; 102.00
5441; 102.00
5455; 102.00
5470; 102.00
5484; 102.00
5499; 102.00
5514; 102.00
5528; 102.00
5542; 102.00
5557; 102.00
5572; 102.00
5586; 102.00
5601; 102.00
5615; 102.00
5629; 102.00
5645; 102.00
5659; 102.00
5673; 102.00
5688; 102.00
5703; 102.00
5718; 102.00
5732; 102.00
5746; 102.00
5761; 102.00
5776; 102.00
5790; 102.00
5805; 102.00
5819; 102.00
5834; 101.00
5849; 102.00
5863; 102.00
5877; 102.00
5892; 102.00
5907; 54.00
5920; 55.00
5934; 54.00
5947; 54.00
5960; 54.00
5975; 55.00
5988; 54.00
6001; 54.00
6014; 55.00
6028; 54.00
6042; 55.00
6055; 55.00
6069; 54.00
6082; 55.00
6095; 55.00
6110; 55.00
6123; 54.00
6136; 55.00
6150; 54.00
6163; 54.00
6177; 54.00
6191; 55.00
6204; 54.00
6217; 54.00
6232; 54.00
6245; 55.00
6258; 55.00
6272; 54.00
6285; 54.00
6299; 54.00
6312; 54.00
6326; 54.00
6339; 55.00
6352; 55.00
6367; 54.00
6380; 55.00
6393; 55.00
6407; 54.00
6420; 54.00
6434; 54.00
6448; 54.00
6461; 54.00
6474; 55.00
6488; 55.00
6502; 55.00
6515; 55.00
6529; 54.00
6542; 54.00
6555; 55.00
6569; 55.00
6583; 54.00
6596; 54.00
6609; 55.00
6623; 55.00
6637; 55.00
6650; 54.00
6664; 55.00
6677; 54.00
6690; 54.00
6705; 55.00
6718; 55.00
6731; 55.00
6745; 54.00
6758; 54.00
6772; 55.00
6786; 54.00
6799; 55.00
6812; 55.00
6825; 54.00
6840; 55.00
6853; 54.00
6866; 54.00
6880; 54.00
6893; 54.00
6907; 55.00
6921; 54.00
6934; 54.00
6947; 55.00
6961; 55.00
6975; 54.00
6988; 54.00
7002; 54.00
7015; 54.00
7028; 55.00
7043; 54.00
7056; 54.00
7069; 54.00
7083; 54.00
7097; 54.00
7110; 54.00
7123; 54.00
7137; 54.00
7150; 54.00
7164; 55.00
7178; 54.00
7191; 54.00
7204; 55.00
7218; 54.00
7232; 54.00
7245; 55.00
7259; 55.00
7272; 54.00
7285; 54.00
7300; 54.00
7313; 54.00
7326; 54.00
7340; 54.00
7353; 54.00
7367; 55.00
7380; 54.00
7394; 55.00
7407; 54.00
7420; 54.00
7435; 55.00
7448; 55.00
7461; 54.00
7475; 55.00
7488; 55.00
7502; 55.00
7516; 54.00
7529; 55.00
7542; 55.00
7556; 54.00
7570; 55.00
7583; 54.00
7597; 54.00
7610; 54.00
7623; 55.00
7638; 55.00
7651; 55.00
7664; 54.00
7677; 54.00
7691; 55.00
7705; 55.00
7718; 55.00
7732; 54.00
7745; 55.00
7758; 54.00
7773; 54.00
7786; 55.00
7799; 54.00
7813; 55.00
7826; 54.00
7840; 54.00
7854; 55.00
7867; 55.00
7880; 55.00
7894; 54.00
7908; 102.00
7922; 102.00
7937; 102.00
7951; 102.00
7966; 102.00
7981; 102.00
7995; 102.00
8009; 101.00
8024; 102.00
8039; 102.00
8053; 102.00
8068; 102.00
8082; 101.00
8097; 102.00
8112; 102.00
8126; 102.00
8140; 102.00
8155; 101.00
8170; 102.00
8184; 102.00
8199; 102.00
8213; 102.00
8228; 102.00
8243; 102.00
8257; 102.00
8271; 101.00
8286; 102.00
8301; 55.00
8314; 54.00
8328; 54.00
8341; 54.00
8354; 54.00
8369; 54.00
8382; 54.00
8395; 55.00
8409; 54.00
8422; 55.00
8436; 54.00
8450; 55.00
8463; 54.00
8476; 54.00
8489; 55.00
8504; 54.00
8517; 54.00
8530; 55.00
8544; 55.00
8557; 54.00
8571; 54.00
8585; 55.00
8598; 54.00
8611; 54.00
8625; 55.00
8639; 55.00
8652; 55.00
8666; 54.00
8679; 55.00
8692; 55.00
8707; 102.00
8721; 102.00
8735; 102.00
8750; 102.00
8765; 102.00
8779; 102.00
8794; 102.00
8808; 102.00
8822; 102.00
8838; 102.00
8852; 102.00
8866; 102.00
8881; 102.00
8896; 102.00
8910; 102.00
8925; 102.00
8939; 102.00
8953; 102.00
8969; 102.00
8983; 102.00
8997; 102.00
9012; 102.00
9027; 101.00
9041; 102.00
9056; 102.00
9070; 102.00
9084; 102.00
9100; 101.00
9114; 54.00
9127; 54.00
9141; 54.00
9154; 54.00
9168; 54.00
9182; 54.00
9195; 55.00
9208; 55.00
9222; 55.00
9236; 54.00
9249; 54.00
9263; 54.00
9276; 54.00
9289; 55.00
9304; 54.00
9317; 54.00
9330; 54.00
9344; 54.00
9357; 54.00
9371; 55.00
9384; 55.00
9398; 54.00
9411; 54.00
9424; 54.00
9439; 55.00
9452; 54.00
9465; 54.00
9479; 54.00
9493; 54.00
9506; 102.00
9521; 101.00
9535; 102.00
9549; 102.00
9565; 102.00
9579; 102.00
9593; 101.00
9608; 102.00
9622; 102.00
9637; 102.00
9652; 102.00
9666; 101.00
9680; 102.00
9696; 102.00
9710; 102.00
9724; 102.00
9739; 101.00
9753; 102.00
9768; 102.00
9783; 101.00
9797; 102.00
9811; 101.00
9827; 102.00
9841; 102.00
9856; 102.00
9870; 102.00
9884; 102.00
9900; 101.00
9914; 54.00
9927; 54.00
9940; 54.00
9954; 54.00
9968; 54.00
9981; 54.00
9995; 54.00
10008; 54.00
10022; 54.00
10038; 54.00
10052; 54.00
10066; 54.00
10081; 54.00
10096; 54.00
10110; 54.00
10125; 54.00
10139; 54.00
10153; 54.00
10169; 54.00
10183; 54.00
10198; 54.00
10212; 54.00
10227; 54.00
10242; 54.00
10256; 54.00
10270; 54.00
10285; 54.00
10300; 54.00
10314; 102.00
10330; 102.00
10345; 101.00
10361; 101.00
10377; 101.00
10392; 101.00
10407; 102.00
10423; 102.00
10439; 102.00
10455; 102.00
10470; 101.00
10485; 101.00
10502; 101.00
10517; 102.00
10532; 101.00
10548; 102.00
10564; 101.00
10579; 101.00
10595; 101.00
10610; 102.00
10627; 101.00
10642; 102.00
10657; 102.00
10673; 101.00
10688; 102.00
10704; 54.00
10719; 54.00
10733; 54.00
10747; 54.00
10763; 54.00
10777; 54.00
10791; 54.00
10806; 54.00
10820; 54.00
10835; 54.00
10850; 54.00
10864; 54.00
10878; 54.00
10894; 54.00
10908; 54.00
10923; 54.00
10937; 54.00
10951; 54.00
10967; 54.00
10981; 55.00
10995; 54.00
11010; 54.00
11025; 54.00
11039; 54.00
11054; 55.00
11068; 55.00
11082; 54.00
11098; 55.00
11112; 102.00
11127; 101.00
11143; 102.00
11159; 102.00
11174; 102.00
11190; 102.00
11205; 102.00
11220; 102.00
11237; 102.00
11252; 102.00
11268; 102.00
11283; 102.00
11299; 102.00
11315; 102.00
11330; 102.00
11345; 102.00
11362; 102.00
11377; 102.00
11393; 102.00
11408; 102.00
11424; 102.00
11440; 102.00
11455; 101.00
11470; 102.00
11486; 102.00
11502; 56.00
11516; 54.00
11531; 55.00
11545; 55.00
11560; 55.00
11575; 54.00
11589; 54.00
11603; 54.00
11618; 54.00
11633; 55.00
11648; 55.00
11662; 54.00
11676; 54.00
11692; 54.00
11706; 54.00
11720; 55.00
11735; 54.00
11749; 55.00
11764; 54.00
11779; 54.00
11793; 54.00
11807; 54.00
11823; 55.00
11837; 54.00
11851; 55.00
11866; 55.00
11880; 54.00
11895; 54.00
11910; 102.00
11925; 102.00
11940; 102.00
11957; 102.00
11972; 102.00
11987; 102.00
12003; 102.00
12018; 102.00
12035; 102.00
12050; 102.00
12065; 102.00
12081; 101.00
12097; 101.00
12112; 102.00
12128; 102.00
12143; 102.00
12160; 102.00
12175; 102.00
12190; 102.00
12206; 102.00
12222; 102.00
12237; 102.00
12253; 102.00
12268; 102.00
12283; 102.00
12300; 102.00
12315; 102.00
12331; 102.00
12346; 102.00
12362; 102.00
12378; 102.00
12393; 101.00
12408; 101.00
12425; 101.00
12440; 102.00
12455; 102.00
12471; 102.00
12486; 102.00
12503; 102.00
12518; 102.00
12533; 102.00
12549; 102.00
12565; 102.00
12580; 102.00
12596; 102.00
12611; 102.00
12627; 102.00
12643; 102.00
12658; 102.00
12674; 102.00
12690; 102.00
12705; 102.00
12721; 101.00
12736; 101.00
12751; 102.00
12768; 102.00
12783; 102.00
12798; 102.00
12814; 102.00
12830; 101.00
12846; 102.00
12861; 102.00
12876; 102.00
12893; 102.00
12908; 102.00
12923; 102.00
12939; 102.00
12955; 102.00
12971; 102.00
12986; 102.00
13001; 102.00
13017; 102.00
13033; 102.00
13048; 101.00
13064; 101.00
13079; 102.00
13095; 102.00
13111; 102.00
13126; 102.00
13142; 102.00
13158; 101.00
13173; 102.00
13189; 102.00
13204; 102.00
13220; 102.00
13236; 102.00
13251; 102.00
13266; 102.00
13282; 102.00
13298; 102.00
13314; 102.00
13329; 102.00
13344; 102.00
13361; 102.00
13376; 101.00
13391; 102.00
13407; 102.00
13423; 102.00
13438; 102.00
13454; 102.00
13469; 101.00
13485; 102.00
13501; 102.00
13516; 102.00
13532; 102.00
13547; 102.00
13563; 102.00
13579; 102.00
13594; 102.00
13609; 102.00
13626; 102.00
13641; 102.00
13657; 102.00
13672; 102.00
13688; 101.00
13704; 102.00
13719; 102.00
13734; 102.00
13750; 102.00
13766; 102.00
13782; 102.00
13797; 101.00
13812; 101.00
13829; 102.00
13844; 102.00
13859; 102.00
13875; 102.00
13891; 102.00
13906; 101.00
13922; 101.00
13937; 101.00
13954; 100.00
13969; 100.00
13984; 100.00
14000; 100.00
14015; 99.00
14030; 98.00
14045; 98.00
14059; 98.00
14073; 98.00
14089; 97.00
14103; 97.00
14117; 97.00
14132; 97.00
14146; 97.00
14161; 97.00
14176; 97.00
14190; 97.00
14204; 97.00
14220; 97.00
14234; 97.00
14248; 97.00
14263; 97.00
14277; 97.00
14292; 97.00
14307; 50.00
14321; 50.00
14336; 50.00
14350; 50.00
14365; 50.00
14380; 50.00
14394; 50.00
14408; 50.00
14424; 50.00
14438; 50.00
14452; 50.00
14467; 50.00
14481; 50.00
14496; 50.00
14511; 50.00
14525; 50.00
14539; 50.00
14555; 50.00
14569; 50.00
14583; 50.00
14598; 50.00
14612; 50.00
14627; 50.00
14642; 50.00
14656; 50.00
14670; 50.00
14686; 50.00
14700; 50.00
14714; 50.00
14729; 50.00
14743; 50.00
14758; 50.00
14773; 50.00
14787; 50.00
14801; 50.00
14816; 50.00
14831; 50.00
14845; 50.00
14860; 50.00
14874; 50.00
14889; 50.00
14904; 49.00
14918; 50.00
14932; 50.00
14947; 50.00
14962; 50.00
14977; 50.00
14991; 50.00
15005; 50.00
15021; 50.00
15035; 50.00
15049; 50.00
15064; 50.00
15078; 50.00
15093; 50.00
15108; 50.00
15122; 50.00
15136; 50.00
15152; 49.00
15166; 49.00
15180; 50.00
15195; 50.00
15209; 50.00
15224; 50.00
15239; 50.00
15253; 50.00
15267; 50.00
15282; 50.00
15297; 50.00
15311; 50.00
15326; 50.00
15340; 49.00
15355; 50.00
15370; 50.00
15384; 49.00
15398; 50.00
15413; 49.00
15428; 50.00
15442; 50.00
15457; 49.00
15471; 50.00
15486; 49.00
15501; 50.00
15515; 50.00
15529; 50.00
15544; 49.00
15559; 50.00
15574; 50.00