27015; 1.00
27028; 1.00
27041; 1.0
26919; 1.00
26934; 1.00
26947; 1.00
26960; 1.00
26974; 1.00
26987; 1.00
27001; 1.00
27015; 1.00
27028; 1.00
27041; 1.00; 2.00
0; 1.00
1; 2.00
1; 1.00
1; 2.00
2; 1.00
2; 1.00
3; 2.00
7; 2.00
16; 2.00
26; 1.00
36; 2.00
48; 2.00
58; 2.00
68; 2.00
78; 1.00
89; 2.00
99; 2.00
110; 2.00
121; 2.00
133; 2.00
144; 2.00
155; 2.00
166; 2.00
179; 2.00
190; 2.00
201; 2.00
212; 2.00
224; 2.00
235; 2.00
247; 2.00
259; 2.00
270; 2.00
281; 2.00
292; 2.00
304; 2.00
316; 1.00
327; 2.00
338; 2.00
350; 1.00
361; 2.00
372; 3.00
385; 2.00
396; 1.00
407; 2.00
418; 2.00
430; 2.00
442; 2.00
453; 1.00
464; 2.00
476; 2.00
487; 2.00
498; 2.00
510; 2.00
522; 2.00
533; 2.00
544; 1.00
556; 2.00
567; 2.00
579; 1.00
590; 1.00
602; 2.00
613; 2.00
624; 2.00
635; 2.00
648; 2.00
659; 1.00
670; 2.00
681; 2.00
693; 2.00
704; 2.00
716; 1.00
728; 2.00
739; 2.00
750; 1.00
761; 1.00
774; 2.00
785; 2.00
796; 2.00
807; 2.00
819; 2.00
830; 2.00
842; 2.00
854; 2.00
865; 2.00
876; 1.00
887; 2.00
899; 2.00
911; 1.00
922; 2.00
933; 1.00
945; 2.00
956; 1.00
967; 2.00
979; 2.00
991; 1.00
1002; 2.00
1014; 2.00
1027; 2.00
1040; 1.00
1052; 2.00
1064; 1.00
1077; 1.00
1089; 1.00
1101; 1.00
1115; 2.00
1127; 2.00
1139; 2.00
1152; 1.00
1164; 2.00
1177; 2.00
1189; 2.00
1202; 2.00
1214; 2.00
1226; 2.00
1240; 2.00
1252; 2.00
1264; 2.00
1276; 2.00
1289; 2.00
1301; 2.00
1314; 2.00
1327; 2.00
1339; 2.00
1351; 2.00
1363; 2.00
1377; 2.00
1389; 1.00
1401; 2.00
1414; 2.00
1426; 2.00
1439; 2.00
1452; 1.00
1464; 1.00
1476; 1.00
1488; 2.00
1501; 2.00
1514; 2.00
1526; 2.00
1539; 2.00
1551; 2.00
1563; 2.00
1576; 2.00
1589; 1.00
1601; 2.00
1613; 1.00
1626; 2.00
1639; 1.00
1651; 2.00
1664; 2.00
1676; 2.00
1688; 2.00
1700; 1.00
1714; 2.00
1726; 1.00
1738; 2.00
1751; 2.00
1763; 1.00
1776; 2.00
1788; 2.00
1801; 1.00
1813; 1.00
1825; 2.00
1839; 2.00
1851; 10.00
1864; 10.00
1878; 9.00
1890; 9.00
1902; 10.00
1916; 9.00
1929; 9.00
1941; 9.00
1953; 9.00
1966; 9.00
1979; 9.00
1991; 10.00
2004; 10.00
2018; 10.00
2031; 9.00
2044; 9.00
2057; 9.00
2069; 9.00
2081; 9.00
2094; 9.00
2107; 10.00
2120; 9.00
2132; 9.00
2145; 9.00
2157; 10.00
2171; 10.00
2185; 9.00
2197; 10.00
2210; 10.00
2224; 10.00
2238; 10.00
2251; 10.00
2265; 10.00
2278; 9.00
2290; 10.00
2305; 10.00
2318; 9.00
2330; 10.00
2343; 10.00
2357; 10.00
2371; 9.00
2383; 9.00
2396; 9.00
2408; 9.00
2420; 9.00
2433; 9.00
2446; 10.00
2459; 9.00
2471; 10.00
2485; 9.00
2497; 9.00
2510; 9.00
2523; 10.00
2536; 10.00
2549; 10.00
2563; 9.00
2576; 9.00
2588; 10.00
2601; 9.00
2614; 9.00
2626; 10.00
2640; 10.00
2654; 10.00
2667; 9.00
2679; 9.00
2692; 10.00
2706; 10.00
2719; 10.00
2733; 10.00
2746; 9.00
2758; 10.00
2772; 9.00
2785; 10.00
2798; 10.00
2811; 10.00
2825; 10.00
2839; 9.00
2851; 10.00
2865; 9.00
2877; 10.00
2890; 9.00
2904; 10.00
2917; 9.00
2929; 10.00
2942; 9.00
2955; 10.00
2968; 10.00
2982; 9.00
2995; 9.00
3007; 9.00
3019; 10.00
3033; 9.00
3046; 10.00
3059; 10.00
3073; 10.00
3086; 9.00
3098; 9.00
3111; 9.00
3124; 9.00
3136; 9.00
3148; 9.00
3161; 10.00
3175; 10.00
3188; 10.00
3202; 9.00
3214; 10.00
3227; 9.00
3240; 9.00
3253; 10.00
3266; 10.00
3279; 9.00
3292; 10.00
3306; 10.00
3319; 10.00
3333; 9.00
3345; 10.00
3358; 9.00
3372; 9.00
3384; 10.00
3397; 9.00
3409; 10.00
3423; 10.00
3437; 9.00
3449; 10.00
3463; 10.00
3476; 9.00
3488; 9.00
3501; 10.00
3515; 10.00
3528; 9.00
3540; 10.00
3554; 10.00
3567; 9.00
3580; 9.00
3593; 9.00
3605; 9.00
3617; 9.00
3630; 10.00
3644; 10.00
3657; 10.00
3671; 10.00
3684; 10.00
3697; 10.00
3712; 10.00
3725; 9.00
3737; 9.00
3749; 9.00
3762; 10.00
3776; 10.00
3789; 10.00
3803; 9.00
3815; 10.00
3828; 9.00
3842; 9.00
3854; 1.00
3866; 2.00
3878; 1.00
3891; 1.00
3904; 2.00
3916; 1.00
3929; 2.00
3941; 1.00
3953; 1.00
3965; 2.00
3979; 1.00
3991; 1.00
4003; 2.00
4016; 1.00
4028; 2.00
4041; 1.00
4054; 1.00
4066; 2.00
4078; 2.00
4090; 1.00
4104; 2.00
4116; 1.00
4128; 1.00
4141; 1.00
4153; 2.00
4165; 1.00
4178; 2.00
4191; 1.00
4203; 1.00
4215; 2.00
4228; 2.00
4241; 1.00
4253; 2.00
4265; 2.00
4278; 2.00
4290; 1.00
4303; 2.00
4316; 2.00
4328; 1.00
4340; 2.00
4353; 1.00
4365; 2.00
4378; 1.00
4390; 2.00
4403; 2.00
4415; 2.00
4427; 1.00
4441; 1.00
4453; 1.00
4465; 1.00
4477; 1.00
4490; 2.00
4503; 2.00
4515; 1.00
4528; 2.00
4540; 1.00
4552; 2.00
4564; 2.00
4578; 2.00
4590; 2.00
4602; 1.00
4615; 2.00
4627; 2.00
4640; 1.00
4653; 1.00
4665; 2.00
4677; 2.00
4689; 1.00
4703; 2.00
4715; 2.00
4727; 2.00
4740; 2.00
4752; 2.00
4764; 2.00
4777; 2.00
4790; 2.00
4802; 2.00
4814; 1.00
4827; 1.00
4840; 1.00
4852; 2.00
4865; 1.00
4877; 2.00
4889; 1.00
4902; 2.00
4915; 1.00
4927; 2.00
4939; 2.00
4952; 2.00
4964; 2.00
4977; 1.00
4989; 1.00
5002; 2.00
5014; 1.00
5026; 1.00
5040; 1.00
5052; 2.00
5064; 2.00
5076; 2.00
5089; 1.00
5102; 2.00
5114; 1.00
5127; 2.00
5139; 2.00
5151; 1.00
5164; 2.00
5177; 1.00
5189; 2.00
5201; 1.00
5214; 1.00
5226; 1.00
5239; 2.00
5252; 2.00
5264; 1.00
5276; 1.00
5288; 2.00
5302; 2.00
5314; 2.00
5326; 2.00
5339; 2.00
5351; 1.00
5363; 2.00
5377; 1.00
5389; 2.00
5401; 1.00
5413; 1.00
5426; 2.00
5439; 1.00
5451; 1.00
5464; 1.00
5476; 1.00
5488; 1.00
5501; 2.00
5514; 1.00
5526; 2.00
5538; 1.00
5551; 2.00
5563; 2.00
5576; 2.00
5588; 1.00
5601; 2.00
5613; 1.00
5625; 2.00
5639; 2.00
5651; 2.00
5663; 2.00
5676; 1.00
5688; 2.00
5701; 1.00
5713; 2.00
5726; 2.00
5738; 1.00
5750; 2.00
5763; 1.00
5776; 1.00
5788; 1.00
5800; 2.00
5813; 2.00
5825; 1.00
5838; 1.00
5851; 10.00
5864; 10.00
5877; 9.00
5890; 10.00
5904; 9.00
5916; 10.00
5929; 9.00
5942; 10.00
5955; 9.00
5968; 9.00
5981; 10.00
5994; 9.00
6006; 9.00
6019; 10.00
6033; 9.00
6045; 10.00
6059; 10.00
6072; 10.00
6085; 10.00
6099; 9.00
6112; 10.00
6125; 9.00
6137; 10.00
6151; 10.00
6165; 9.00
6177; 10.00
6191; 9.00
6203; 9.00
6215; 10.00
6228; 10.00
6243; 10.00
6256; 10.00
6269; 10.00
6283; 10.00
6296; 9.00
6309; 9.00
6322; 10.00
6335; 9.00
6347; 9.00
6360; 9.00
6373; 10.00
6386; 10.00
6400; 10.00
6413; 10.00
6426; 9.00
6439; 9.00
6452; 2.00
6464; 1.00
6476; 2.00
6489; 2.00
6502; 1.00
6514; 2.00
6526; 2.00
6539; 2.00
6551; 1.00
6564; 1.00
6577; 1.00
6589; 1.00
6601; 2.00
6614; 1.00
6626; 2.00
6639; 2.00
6651; 1.00
6664; 2.00
6676; 2.00
6688; 1.00
6702; 2.00
6714; 2.00
6726; 2.00
6738; 2.00
6751; 1.00
6764; 2.00
6776; 2.00
6789; 1.00
6801; 1.00
6813; 2.00
6825; 1.00
6839; 1.00
6851; 1.00
6863; 1.00
6876; 1.00
6888; 1.00
6901; 2.00
6914; 2.00
6926; 2.00
6938; 1.00
6950; 1.00
6964; 2.00
6976; 2.00
6988; 1.00
7001; 2.00
7013; 1.00
7025; 1.00
7038; 1.00
7051; 9.00
7063; 9.00
7075; 9.00
7088; 9.00
7101; 10.00
7114; 9.00
7127; 10.00
7140; 10.00
7153; 9.00
7166; 9.00
7179; 9.00
7191; 9.00
7203; 9.00
7216; 9.00
7228; 10.00
7242; 10.00
7256; 9.00
7268; 10.00
7281; 10.00
7294; 9.00
7308; 10.00
7321; 10.00
7334; 10.00
7348; 9.00
7360; 9.00
7373; 9.00
7386; 10.00
7399; 10.00
7412; 9.00
7425; 10.00
7439; 10.00
7452; 9.00
7464; 9.00
7477; 9.00
7489; 9.00
7502; 9.00
7515; 9.00
7527; 10.00
7540; 9.00
7553; 10.00
7567; 9.00
7579; 9.00
7591; 9.00
7604; 9.00
7616; 9.00
7629; 10.00
7643; 10.00
7656; 2.00
7668; 1.00
7681; 1.00
7693; 2.00
7706; 2.00
7718; 2.00
7731; 1.00
7743; 1.00
7755; 2.00
7769; 2.00
7781; 2.00
7793; 2.00
7805; 1.00
7818; 1.00
7831; 2.00
7843; 1.00
7856; 2.00
7868; 1.00
7880; 2.00
7892; 1.00
7906; 1.00
7918; 1.00
7930; 1.00
7943; 1.00
7955; 1.00
7968; 1.00
7981; 2.00
7993; 1.00
8005; 2.00
8017; 1.00
8031; 2.00
8043; 1.00
8055; 2.00
8068; 2.00
8080; 2.00
8092; 2.00
8105; 2.00
8118; 2.00
8130; 1.00
8142; 1.00
8155; 2.00
8168; 1.00
8180; 2.00
8193; 2.00
8205; 2.00
8217; 1.00
8230; 1.00
8243; 1.00
8255; 10.00
8268; 10.00
8282; 9.00
8295; 9.00
8307; 10.00
8321; 10.00
8334; 9.00
8346; 9.00
8358; 9.00
8372; 9.00
8384; 10.00
8397; 10.00
8411; 10.00
8424; 9.00
8437; 10.00
8451; 10.00
8464; 10.00
8477; 10.00
8491; 10.00
8505; 10.00
8518; 10.00
8531; 10.00
8545; 9.00
8557; 10.00
8571; 9.00
8584; 10.00
8597; 9.00
8609; 9.00
8622; 9.00
8635; 9.00
8647; 10.00
8660; 10.00
8674; 9.00
8686; 9.00
8699; 10.00
8713; 10.00
8726; 10.00
8739; 9.00
8752; 10.00
8766; 9.00
8778; 9.00
8791; 9.00
8803; 10.00
8816; 9.00
8829; 9.00
8842; 9.00
8854; 2.00
8866; 1.00
8879; 1.00
8891; 2.00
8904; 1.00
8916; 1.00
8929; 1.00
8941; 2.00
8953; 2.00
8967; 1.00
8979; 2.00
8991; 2.00
9004; 1.00
9016; 1.00
9029; 2.00
9041; 1.00
9054; 2.00
9066; 1.00
9078; 2.00
9091; 2.00
9104; 1.00
9116; 2.00
9128; 2.00
9141; 2.00
9153; 2.00
9166; 2.00
9179; 2.00
9191; 1.00
9203; 1.00
9216; 1.00
9229; 1.00
9241; 1.00
9253; 2.00
9266; 2.00
9278; 2.00
9290; 1.00
9304; 2.00
9316; 1.00
9328; 2.00
9340; 2.00
9353; 2.00
9366; 2.00
9378; 1.00
9391; 2.00
9403; 1.00
9415; 1.00
9428; 1.00
9441; 2.00
9453; 10.00
9466; 9.00
9479; 10.00
9493; 10.00
9506; 10.00
9520; 10.00
9533; 10.00
9546; 10.00
9561; 10.00
9574; 9.00
9586; 10.00
9600; 10.00
9613; 9.00
9626; 9.00
9638; 10.00
9652; 9.00
9664; 9.00
9676; 10.00
9690; 10.00
9704; 9.00
9716; 9.00
9729; 10.00
9742; 10.00
9755; 9.00
9768; 10.00
9782; 9.00
9794; 10.00
9807; 9.00
9820; 10.00
9834; 9.00
9846; 9.00
9859; 10.00
9872; 9.00
9884; 10.00
9899; 9.00
9911; 10.00
9924; 10.00
9937; 10.00
9951; 9.00
9964; 9.00
9976; 10.00
9990; 9.00
10002; 10.00
10016; 10.00
10032; 9.00
10045; 10.00
10059; 2.00
10073; 1.00
10086; 2.00
10100; 1.00
10114; 1.00
10127; 1.00
10140; 2.00
10153; 2.00
10168; 2.00
10181; 2.00
10194; 2.00
10208; 2.00
10221; 1.00
10235; 2.00
10249; 2.00
10262; 1.00
10275; 1.00
10289; 1.00
10303; 1.00
10316; 2.00
10330; 2.00
10343; 2.00
10356; 2.00
10371; 2.00
10384; 2.00
10397; 2.00
10411; 2.00
10425; 2.00
10438; 1.00
10451; 1.00
10465; 2.00
10478; 2.00
10492; 1.00
10506; 2.00
10519; 2.00
10532; 1.00
10546; 2.00
10560; 2.00
10573; 1.00
10587; 2.00
10600; 2.00
10613; 2.00
10628; 2.00
10641; 2.00
10654; 9.00
10668; 9.00
10681; 10.00
10696; 10.00
10711; 9.00
10724; 10.00
10738; 10.00
10753; 9.00
10767; 10.00
10781; 9.00
10795; 9.00
10808; 9.00
10821; 9.00
10835; 9.00
10849; 10.00
10863; 9.00
10876; 9.00
10891; 10.00
10905; 10.00
10919; 9.00
10933; 9.00
10946; 10.00
10961; 9.00
10975; 10.00
10989; 10.00
11003; 9.00
11017; 9.00
11031; 10.00
11045; 9.00
11059; 10.00
11073; 9.00
11086; 10.00
11102; 9.00
11115; 9.00
11128; 9.00
11142; 9.00
11155; 10.00
11170; 9.00
11184; 9.00
11197; 10.00
11211; 10.00
11227; 10.00
11241; 9.00
11254; 2.00
11268; 2.00
11281; 2.00
11295; 1.00
11309; 2.00
11322; 1.00
11335; 2.00
11348; 2.00
11363; 1.00
11376; 2.00
11389; 2.00
11403; 2.00
11416; 1.00
11430; 2.00
11444; 2.00
11457; 1.00
11470; 1.00
11484; 1.00
11498; 2.00
11511; 2.00
11525; 2.00
11538; 1.00
11551; 2.00
11566; 2.00
11579; 2.00
11592; 2.00
11606; 2.00
11619; 2.00
11633; 2.00
11646; 2.00
11660; 2.00
11673; 2.00
11686; 2.00
11701; 2.00
11714; 2.00
11727; 2.00
11741; 2.00
11754; 2.00
11768; 2.00
11782; 2.00
11795; 2.00
11808; 1.00
11823; 1.00
11836; 2.00
11849; 2.00
11863; 10.00
11877; 10.00
11892; 9.00
11906; 10.00
11920; 9.00
11933; 9.00
11947; 10.00
11962; 10.00
11976; 9.00
11990; 9.00
12003; 9.00
12016; 9.00
12030; 10.00
12045; 10.00
12059; 9.00
12072; 9.00
12086; 10.00
12101; 9.00
12114; 9.00
12128; 10.00
12142; 10.00
12157; 9.00
12171; 10.00
12185; 9.00
12198; 10.00
12213; 9.00
12227; 10.00
12241; 9.00
12255; 10.00
12269; 10.00
12283; 10.00
12299; 9.00
12312; 10.00
12326; 9.00
12340; 10.00
12355; 10.00
12369; 9.00
12383; 9.00
12396; 9.00
12409; 9.00
12424; 10.00
12438; 9.00
12451; 9.00
12465; 9.00
12478; 9.00
12492; 9.00
12506; 10.00
12520; 9.00
12533; 10.00
12548; 9.00
12562; 9.00
12575; 10.00
12590; 9.00
12603; 9.00
12616; 10.00
12632; 10.00
12646; 10.00
12660; 10.00
12675; 10.00
12690; 9.00
12703; 10.00
12718; 9.00
12731; 9.00
12744; 10.00
12760; 10.00
12774; 10.00
12788; 9.00
12802; 9.00
12815; 10.00
12830; 9.00
12844; 10.00
12858; 9.00
12871; 10.00
12886; 10.00
12901; 10.00
12915; 10.00
12930; 10.00
12944; 10.00
12959; 9.00
12973; 10.00
12987; 10.00
13001; 10.00
13016; 10.00
13031; 9.00
13044; 9.00
13058; 9.00
13071; 10.00
13085; 10.00
13101; 9.00
13114; 9.00
13127; 10.00
13142; 9.00
13156; 9.00
13169; 10.00
13184; 10.00
13198; 10.00
13212; 10.00
13228; 9.00
13241; 9.00
13254; 10.00
13268; 10.00
13283; 9.00
13297; 9.00
13310; 9.00
13324; 9.00
13337; 10.00
13351; 10.00
13367; 10.00
13381; 10.00
13395; 9.00
13409; 9.00
13423; 9.00
13436; 10.00
13451; 10.00
13465; 9.00
13478; 9.00
13493; 9.00
13506; 10.00
13520; 10.00
13535; 10.00
13549; 9.00
13563; 9.00
13577; 9.00
13590; 9.00
13603; 10.00
13618; 9.00
13632; 9.00
13645; 9.00
13659; 10.00
13673; 9.00
13687; 9.00
13701; 9.00
13714; 10.00
13728; 9.00
13742; 9.00
13756; 10.00
13770; 10.00
13785; 9.00
13798; 9.00
13811; 9.00
13826; 10.00
13840; 9.00
13853; 9.00
13867; 10.00
13881; 9.00
13895; 10.00
13910; 10.00
13924; 9.00
13937; 9.00
13950; 9.00
13965; 9.00
13978; 10.00
13992; 10.00
14007; 10.00
14022; 10.00
14036; 10.00
14051; 9.00
14064; 9.00
14077; 9.00
14092; 10.00
14106; 10.00
14120; 9.00
14134; 9.00
14147; 10.00
14162; 9.00
14176; 10.00
14190; 10.00
14204; 10.00
14220; 9.00
14233; 10.00
14247; 9.00
14261; 10.00
14275; 10.00
14290; 10.00
14305; 10.00
14319; 10.00
14333; 10.00
14348; 10.00
14363; 9.00
14376; 9.00
14390; 9.00
14403; 10.00
14418; 10.00
14433; 10.00
14447; 10.00
14461; 2.00
14475; 2.00
14489; 2.00
14502; 1.00
14516; 2.00
14529; 1.00
14542; 2.00
14557; 2.00
14570; 2.00
14583; 1.00
14597; 2.00
14610; 2.00
14624; 2.00
14638; 2.00
14651; 2.00
14664; 2.00
14678; 1.00
14692; 2.00
14705; 2.00
14718; 2.00
14732; 2.00
14745; 2.00
14759; 2.00
14773; 2.00
14786; 2.00
14799; 1.00
14813; 2.00
14827; 2.00
14840; 2.00
14854; 2.00
14867; 2.00
14880; 2.00
14895; 2.00
14908; 2.00
14921; 2.00
14935; 2.00
14948; 1.00
14962; 1.00
14976; 2.00
14989; 2.00
15002; 1.00
15015; 2.00
15030; 2.00
15043; 2.00
15056; 1.00
15070; 2.00
15084; 2.00
15097; 2.00
15111; 2.00
15124; 2.00
15137; 2.00
15152; 2.00
15165; 2.00
15178; 1.00
15192; 2.00
15205; 1.00
15219; 1.00
15233; 2.00
15246; 1.00
15259; 2.00
15272; 1.00
15287; 1.00
15300; 1.00
15313; 1.00
15327; 1.00
15340; 1.00
15354; 1.00
15368; 1.00
15381; 1.00
15394; 1.00
15408; 1.00
15422; 1.00
15435; 1.00
15449; 1.00
15462; 1.00
15475; 1.00
15490; 1.00
15503; 1.00
15516; 1.00
15529; 1.00
15543; 1.00
15557; 1.00
15570; 1.00
15584; 1.00
15597; 1.00
15610; 1.00
15625; 1.00
15638; 1.00
15651; 1.00
15665; 1.00
15678; 1.00
15692; 1.00
15706; 1.00
15719; 1.00
15732; 1.00
15746; 1.00
15760; 1.00
15773; 1.00
15787; 1.00
15800; 1.00
15813; 1.00
15827; 1.00
15841; 1.00
15854; 1.00
15867; 1.00
15881; 1.00
15895; 1.00
15908; 1.00
15922; 1.00
15935; 1.00
15949; 1.00
15963; 1.00
15976; 1.00
15989; 1.00
16003; 1.00
16017; 1.00
16030; 1.00
16044; 1.00
16057; 1.00
16070; 1.00
16084; 1.00
16098; 1.00
16111; 1.00
16124; 1.00
16138; 1.00
16152; 1.00
16165; 1.00
16179; 1.00
16192; 1.00
16205; 1.00
16220; 1.00
16233; 1.00
16246; 1.00
16260; 1.00
16273; 1.00
16287; 1.00
16301; 1.00
16314; 1.00
16327; 1.00
16340; 1.00
16355; 1.00
16368; 1.00
16381; 1.00
16395; 1.00
16408; 1.00
16422; 1.00
16436; 1.00
16449; 1.00
16462; 1.00
16476; 1.00
16490; 1.00
16503; 1.00
16517; 1.00
16530; 1.00
16543; 1.00
16558; 1.00
16571; 1.00
16584; 1.00
16598; 1.00
16611; 1.00
16625; 1.00
16638; 1.00
16652; 1.00
16665; 1.00
16678; 1.00
16693; 1.00
16706; 1.00
16719; 1.00
16733; 1.00
16746; 1.00
16760; 1.00
16774; 1.00
16787; 1.00
16800; 1.00
16815; 1.00
16828; 1.00
16841; 1.00
16855; 1.00
16868; 1.00
16882; 1.00
16896; 1.00
16909; 1.00
16922; 1.00
16935; 1.00
16950; 1.00
16963; 1.00
16976; 1.00
16990; 1.00
17003; 1.00
17017; 1.00
17031; 1.00
17044; 1.00
17057; 1.00
17071; 1.00
17085; 1.00
17098; 1.00
17112; 1.00
17125; 1.00
17138; 1.00
17153; 1.00
17166; 1.00
17179; 1.00
17192; 1.00
17206; 1.00
17220; 1.00
17233; 1.00
17247; 1.00
17260; 1.00
17273; 1.00
17288; 1.00
17301; 1.00
17314; 1.00
17328; 1.00
17341; 1.00
17355; 1.00
17369; 1.00
17382; 1.00
17395; 1.00
17409; 1.00
17423; 1.00
17436; 1.00
17449; 1.00
17463; 1.00
17476; 1.00
17490; 1.00
17504; 1.00
17517; 1.00
17530; 1.00
17544; 1.00
17558; 1.00
17571; 1.00
17585; 1.00
17598; 1.00
17611; 1.00
17626; 1.00
17639; 1.00
17652; 1.00
17666; 1.00
17680; 1.00
17693; 1.00
17707; 1.00
17720; 1.00
17733; 1.00
17747; 1.00
17761; 1.00
17774; 1.00
17787; 1.00
17801; 1.00
17815; 1.00
17828; 1.00
17842; 1.00
17855; 1.00
17868; 1.00
17883; 1.00
17896; 1.00
17909; 1.00
17923; 1.00
17936; 1.00
17950; 1.00
17964; 1.00
17977; 1.00
17990; 1.00
18003; 1.00
18018; 1.00
18031; 1.00
18044; 1.00
18058; 1.00
18071; 1.00
18085; 1.00
18099; 1.00
18112; 1.00
18125; 1.00
18139; 1.00
18153; 1.00
18166; 1.00
18180; 1.00
18193; 1.00
18206; 1.00
18221; 1.00
18234; 1.00
18247; 1.00
18260; 1.00
18274; 1.00
18288; 1.00
18301; 1.00
18315; 1.00
18328; 1.00
18341; 1.00
18356; 1.00
18369; 1.00
18382; 1.00
18396; 1.00
18409; 1.00
18423; 1.00
18437; 1.00
18450; 1.00
18463; 1.00
18477; 1.00
18491; 1.00
18504; 1.00
18518; 1.00
18531; 1.00
18545; 1.00
18558; 1.00
18572; 1.00
18585; 1.00
18598; 1.00
18613; 1.00
18626; 1.00
18639; 1.00
18653; 1.00
18666; 1.00
18680; 1.00
18694; 1.00
18707; 1.00
18720; 1.00
18734; 1.00
18748; 1.00
18761; 1.00
18775; 1.00
18788; 1.00
18801; 1.00
18816; 1.00
18829; 1.00
18842; 1.00
18855; 1.00
18869; 1.00
18883; 1.00
18896; 1.00
18910; 1.00
18923; 1.00
18936; 1.00
18951; 1.00
18964; 1.00
18977; 1.00
18991; 1.00
19004; 1.00
19018; 1.00
19032; 1.00
19045; 1.00
19058; 1.00
19072; 1.00
19086; 1.00
19099; 1.00
19112; 1.00
19126; 1.00
19139; 1.00
19153; 1.00
19167; 1.00
19180; 1.00
19193; 1.00
19207; 1.00
19221; 1.00
19234; 1.00
19248; 1.00
19261; 1.00
19274; 1.00
19289; 1.00
19302; 1.00
19315; 1.00
19329; 1.00
19342; 1.00
19356; 1.00
19369; 1.00
19383; 1.00
19396; 1.00
19410; 1.00
19424; 1.00
19437; 1.00
19450; 1.00
19464; 1.00
19478; 1.00
19491; 1.00
19505; 1.00
19518; 1.00
19531; 1.00
19546; 1.00
19559; 1.00
19572; 1.00
19586; 1.00
19599; 1.00
19613; 1.00
19627; 1.00
19640; 1.00
19653; 1.00
19666; 1.00
19681; 1.00
19694; 1.00
19707; 1.00
19721; 1.00
19734; 1.00
19748; 1.00
19762; 1.00
19775; 1.00
19788; 1.00
19802; 1.00
19816; 1.00
19829; 1.00
19843; 1.00
19856; 1.00
19869; 1.00
19884; 1.00
19897; 1.00
19910; 1.00
19923; 1.00
19937; 1.00
19951; 1.00
19964; 1.00
19978; 1.00
19991; 1.00
20004; 1.00
20019; 1.00
20032; 1.00
20045; 1.00
20059; 1.00
20072; 1.00
20086; 1.00
20100; 1.00
20113; 1.00
20126; 1.00
20140; 1.00
20154; 1.00
20167; 1.00
20180; 1.00
20194; 1.00
20207; 1.00
20221; 1.00
20235; 1.00
20248; 1.00
20261; 1.00
20276; 1.00
20289; 1.00
20302; 1.00
20316; 1.00
20329; 1.00
20343; 1.00
20357; 1.00
20370; 1.00
20383; 1.00
20397; 1.00
20411; 1.00
20424; 1.00
20438; 1.00
20451; 1.00
20464; 1.00
20478; 1.00
20492; 1.00
20505; 1.00
20518; 1.00
20532; 1.00
20546; 1.00
20559; 1.00
20573; 1.00
20586; 1.00
20599; 1.00
20614; 1.00
20627; 1.00
20640; 1.00
20654; 1.00
20667; 1.00
20681; 1.00
20695; 1.00
20708; 1.00
20721; 1.00
20734; 1.00
20749; 1.00
20762; 1.00
20775; 1.00
20789; 1.00
20802; 1.00
20816; 1.00
20830; 1.00
20843; 1.00
20856; 1.00
20870; 1.00
20884; 1.00
20897; 1.00
20911; 1.00
20924; 1.00
20937; 1.00
20952; 1.00
20965; 1.00
20978; 1.00
20992; 1.00
21005; 1.00
21019; 1.00
21032; 1.00
21046; 1.00
21059; 1.00
21072; 1.00
21087; 1.00
21100; 1.00
2