.00
29737; 40.00
29752;1; 40.00
29635; 40.00
29649; 40.00
29665; 40.00
29679; 40.00
29693; 40.00
29708; 40.00
29722; 40.00
29737; 40.00
29752;0; 45.00
0; 45.00
1; 46.00
1; 45.00
2; 45.00
2; 45.00
3; 46.00
5; 46.00
15; 46.00
26; 46.00
37; 46.00
50; 45.00
61; 46.00
72; 45.00
83; 46.00
95; 46.00
106; 46.00
119; 46.00
132; 45.00
144; 45.00
156; 45.00
168; 45.00
182; 45.00
194; 45.00
206; 45.00
219; 45.00
231; 45.00
244; 45.00
257; 45.00
269; 45.00
281; 45.00
293; 45.00
306; 45.00
319; 45.00
331; 45.00
344; 45.00
356; 45.00
368; 45.00
381; 45.00
394; 45.00
406; 44.00
418; 45.00
431; 44.00
444; 44.00
456; 44.00
468; 44.00
481; 45.00
493; 44.00
505; 44.00
519; 45.00
531; 44.00
543; 44.00
556; 44.00
568; 44.00
581; 45.00
593; 44.00
606; 44.00
618; 44.00
630; 45.00
644; 44.00
656; 45.00
668; 44.00
680; 45.00
693; 44.00
705; 45.00
718; 45.00
731; 45.00
743; 45.00
755; 45.00
768; 44.00
781; 45.00
793; 44.00
805; 45.00
818; 45.00
830; 45.00
843; 45.00
856; 45.00
868; 45.00
880; 44.00
892; 45.00
905; 45.00
918; 45.00
930; 44.00
943; 45.00
955; 45.00
967; 45.00
980; 45.00
993; 44.00
1005; 45.00
1018; 45.00
1032; 45.00
1046; 45.00
1059; 45.00
1073; 46.00
1086; 46.00
1099; 47.00
1114; 46.00
1127; 47.00
1140; 47.00
1154; 46.00
1167; 46.00
1181; 46.00
1195; 47.00
1208; 47.00
1221; 47.00
1234; 47.00
1249; 47.00
1262; 47.00
1275; 47.00
1289; 47.00
1302; 47.00
1316; 47.00
1330; 47.00
1343; 47.00
1356; 47.00
1370; 47.00
1384; 47.00
1397; 47.00
1411; 47.00
1424; 48.00
1437; 48.00
1452; 47.00
1465; 48.00
1478; 48.00
1491; 48.00
1506; 48.00
1519; 48.00
1532; 48.00
1546; 48.00
1559; 48.00
1573; 48.00
1587; 48.00
1600; 48.00
1613; 48.00
1627; 48.00
1641; 49.00
1654; 48.00
1668; 49.00
1681; 49.00
1694; 49.00
1709; 49.00
1722; 49.00
1735; 49.00
1748; 49.00
1762; 49.00
1776; 49.00
1789; 49.00
1803; 49.00
1816; 49.00
1829; 49.00
1844; 49.00
1857; 109.00
1871; 109.00
1886; 109.00
1900; 109.00
1915; 109.00
1930; 109.00
1944; 110.00
1958; 110.00
1974; 110.00
1988; 110.00
2002; 110.00
2017; 110.00
2031; 110.00
2046; 110.00
2061; 110.00
2075; 110.00
2089; 111.00
2105; 111.00
2119; 111.00
2134; 111.00
2148; 111.00
2162; 111.00
2178; 111.00
2192; 111.00
2206; 112.00
2221; 111.00
2235; 112.00
2250; 112.00
2265; 112.00
2279; 112.00
2293; 112.00
2309; 113.00
2323; 112.00
2337; 112.00
2352; 113.00
2366; 112.00
2381; 113.00
2396; 113.00
2410; 113.00
2424; 113.00
2440; 113.00
2454; 113.00
2468; 113.00
2483; 113.00
2497; 114.00
2512; 114.00
2527; 114.00
2541; 114.00
2555; 114.00
2571; 114.00
2585; 114.00
2599; 114.00
2614; 114.00
2628; 114.00
2643; 114.00
2658; 114.00
2672; 114.00
2686; 114.00
2701; 114.00
2716; 114.00
2731; 114.00
2745; 114.00
2759; 114.00
2775; 115.00
2789; 114.00
2803; 114.00
2818; 114.00
2832; 115.00
2847; 115.00
2862; 115.00
2876; 115.00
2890; 115.00
2906; 115.00
2920; 115.00
2934; 115.00
2949; 115.00
2963; 115.00
2978; 115.00
2993; 115.00
3007; 115.00
3021; 115.00
3037; 115.00
3051; 115.00
3065; 115.00
3080; 115.00
3094; 116.00
3109; 115.00
3124; 116.00
3138; 115.00
3152; 115.00
3167; 116.00
3182; 116.00
3196; 115.00
3211; 115.00
3225; 116.00
3240; 116.00
3255; 115.00
3269; 115.00
3283; 116.00
3298; 115.00
3313; 115.00
3328; 115.00
3342; 116.00
3356; 116.00
3372; 116.00
3386; 116.00
3400; 116.00
3415; 116.00
3429; 115.00
3444; 116.00
3459; 116.00
3473; 116.00
3487; 116.00
3503; 115.00
3517; 116.00
3531; 116.00
3546; 116.00
3560; 116.00
3575; 115.00
3590; 116.00
3604; 116.00
3618; 116.00
3633; 116.00
3648; 115.00
3662; 116.00
3677; 116.00
3691; 115.00
3706; 116.00
3721; 116.00
3735; 116.00
3749; 116.00
3764; 116.00
3779; 116.00
3793; 116.00
3808; 116.00
3822; 116.00
3837; 116.00
3852; 56.00
3865; 56.00
3878; 56.00
3892; 56.00
3906; 56.00
3919; 56.00
3933; 56.00
3946; 56.00
3959; 56.00
3974; 56.00
3987; 56.00
4000; 56.00
4014; 56.00
4027; 56.00
4041; 56.00
4055; 56.00
4068; 56.00
4081; 56.00
4094; 56.00
4109; 56.00
4122; 56.00
4135; 56.00
4149; 56.00
4162; 56.00
4176; 56.00
4190; 56.00
4203; 56.00
4216; 55.00
4230; 56.00
4244; 56.00
4257; 56.00
4271; 56.00
4284; 56.00
4297; 56.00
4312; 56.00
4325; 56.00
4338; 56.00
4352; 56.00
4365; 56.00
4379; 56.00
4392; 56.00
4406; 56.00
4419; 56.00
4432; 56.00
4447; 55.00
4460; 56.00
4473; 56.00
4487; 56.00
4501; 56.00
4514; 56.00
4528; 56.00
4541; 56.00
4554; 56.00
4569; 56.00
4582; 56.00
4595; 56.00
4609; 56.00
4622; 56.00
4636; 56.00
4649; 56.00
4663; 56.00
4676; 56.00
4689; 56.00
4704; 56.00
4717; 56.00
4730; 56.00
4744; 56.00
4757; 56.00
4771; 56.00
4785; 56.00
4798; 56.00
4811; 56.00
4825; 56.00
4839; 56.00
4852; 56.00
4866; 56.00
4879; 56.00
4892; 56.00
4907; 55.00
4920; 56.00
4933; 56.00
4946; 56.00
4960; 56.00
4974; 56.00
4987; 56.00
5001; 56.00
5014; 56.00
5027; 56.00
5042; 56.00
5055; 56.00
5068; 56.00
5082; 56.00
5095; 56.00
5109; 56.00
5123; 56.00
5136; 56.00
5149; 56.00
5163; 56.00
5177; 56.00
5190; 56.00
5203; 56.00
5217; 56.00
5230; 56.00
5244; 56.00
5258; 56.00
5271; 56.00
5284; 56.00
5298; 56.00
5312; 56.00
5325; 56.00
5339; 56.00
5352; 56.00
5366; 55.00
5380; 56.00
5393; 56.00
5406; 56.00
5420; 56.00
5434; 56.00
5447; 56.00
5460; 56.00
5474; 56.00
5487; 56.00
5501; 56.00
5515; 56.00
5528; 56.00
5541; 56.00
5555; 56.00
5569; 56.00
5582; 56.00
5596; 56.00
5609; 56.00
5622; 56.00
5637; 56.00
5650; 56.00
5663; 56.00
5677; 56.00
5690; 56.00
5704; 56.00
5718; 56.00
5731; 56.00
5744; 56.00
5757; 56.00
5772; 56.00
5785; 56.00
5798; 56.00
5812; 56.00
5825; 56.00
5839; 56.00
5853; 116.00
5867; 116.00
5881; 116.00
5896; 116.00
5911; 116.00
5925; 115.00
5940; 116.00
5954; 116.00
5969; 115.00
5984; 116.00
5998; 116.00
6012; 116.00
6027; 115.00
6042; 115.00
6056; 116.00
6071; 116.00
6085; 116.00
6100; 116.00
6115; 115.00
6129; 116.00
6144; 116.00
6158; 116.00
6173; 116.00
6188; 115.00
6202; 116.00
6216; 116.00
6232; 116.00
6246; 115.00
6260; 115.00
6275; 116.00
6289; 116.00
6304; 115.00
6319; 116.00
6333; 116.00
6347; 116.00
6362; 116.00
6377; 115.00
6391; 116.00
6406; 116.00
6420; 116.00
6435; 116.00
6450; 115.00
6464; 115.00
6478; 115.00
6493; 116.00
6508; 115.00
6522; 115.00
6537; 115.00
6551; 116.00
6566; 116.00
6581; 116.00
6595; 116.00
6609; 116.00
6624; 115.00
6639; 116.00
6653; 56.00
6667; 56.00
6680; 56.00
6693; 56.00
6708; 56.00
6721; 56.00
6734; 56.00
6748; 56.00
6761; 56.00
6775; 56.00
6789; 55.00
6802; 56.00
6815; 55.00
6829; 55.00
6843; 56.00
6856; 56.00
6870; 56.00
6883; 56.00
6897; 56.00
6910; 56.00
6924; 56.00
6937; 56.00
6950; 56.00
6965; 56.00
6978; 56.00
6991; 56.00
7005; 56.00
7018; 56.00
7032; 56.00
7046; 55.00
7059; 55.00
7072; 56.00
7086; 56.00
7100; 56.00
7113; 56.00
7127; 56.00
7140; 56.00
7153; 56.00
7168; 56.00
7181; 56.00
7194; 56.00
7207; 56.00
7221; 56.00
7235; 56.00
7248; 56.00
7262; 56.00
7275; 56.00
7288; 56.00
7303; 56.00
7316; 56.00
7329; 56.00
7343; 56.00
7356; 56.00
7370; 56.00
7384; 56.00
7397; 56.00
7410; 56.00
7424; 56.00
7438; 56.00
7451; 116.00
7465; 116.00
7480; 116.00
7494; 116.00
7510; 116.00
7524; 116.00
7538; 116.00
7553; 115.00
7568; 116.00
7582; 116.00
7597; 116.00
7611; 116.00
7625; 115.00
7641; 116.00
7655; 116.00
7669; 116.00
7684; 116.00
7699; 115.00
7713; 116.00
7728; 116.00
7742; 115.00
7756; 115.00
7772; 116.00
7786; 116.00
7800; 116.00
7815; 116.00
7830; 116.00
7844; 116.00
7859; 116.00
7873; 115.00
7887; 116.00
7903; 116.00
7917; 115.00
7931; 116.00
7946; 115.00
7960; 116.00
7975; 116.00
7990; 115.00
8004; 116.00
8018; 116.00
8034; 115.00
8048; 116.00
8062; 115.00
8077; 116.00
8091; 116.00
8107; 115.00
8121; 116.00
8135; 116.00
8150; 116.00
8165; 116.00
8179; 116.00
8194; 116.00
8208; 115.00
8222; 116.00
8238; 116.00
8252; 56.00
8265; 56.00
8279; 56.00
8292; 55.00
8306; 56.00
8320; 56.00
8333; 55.00
8346; 56.00
8359; 56.00
8374; 56.00
8387; 56.00
8400; 56.00
8414; 56.00
8428; 56.00
8441; 56.00
8455; 56.00
8468; 56.00
8481; 56.00
8496; 56.00
8509; 56.00
8522; 55.00
8536; 55.00
8549; 55.00
8563; 55.00
8577; 56.00
8590; 56.00
8603; 56.00
8616; 55.00
8631; 56.00
8644; 56.00
8657; 56.00
8671; 56.00
8684; 56.00
8698; 56.00
8712; 56.00
8725; 56.00
8738; 55.00
8752; 55.00
8766; 56.00
8779; 56.00
8793; 55.00
8806; 56.00
8819; 56.00
8834; 56.00
8847; 56.00
8860; 56.00
8873; 56.00
8887; 56.00
8901; 56.00
8914; 56.00
8928; 56.00
8941; 56.00
8954; 56.00
8969; 55.00
8982; 55.00
8995; 56.00
9009; 56.00
9022; 55.00
9036; 56.00
9050; 116.00
9064; 115.00
9078; 116.00
9094; 115.00
9108; 116.00
9122; 115.00
9137; 116.00
9151; 116.00
9166; 116.00
9181; 116.00
9195; 115.00
9209; 115.00
9224; 115.00
9239; 116.00
9253; 115.00
9268; 115.00
9282; 115.00
9297; 116.00
9312; 115.00
9326; 115.00
9340; 115.00
9355; 115.00
9370; 116.00
9384; 115.00
9399; 116.00
9413; 115.00
9428; 115.00
9443; 115.00
9457; 115.00
9472; 115.00
9486; 115.00
9501; 115.00
9516; 116.00
9530; 116.00
9544; 115.00
9560; 116.00
9574; 115.00
9588; 116.00
9603; 116.00
9617; 116.00
9632; 116.00
9647; 115.00
9661; 116.00
9675; 116.00
9690; 116.00
9705; 115.00
9719; 115.00
9734; 115.00
9748; 116.00
9763; 115.00
9778; 116.00
9792; 115.00
9806; 116.00
9821; 115.00
9836; 115.00
9850; 56.00
9864; 56.00
9877; 56.00
9890; 56.00
9905; 56.00
9918; 56.00
9931; 56.00
9945; 56.00
9959; 56.00
9972; 56.00
9986; 56.00
9999; 56.00
10012; 56.00
10028; 56.00
10042; 56.00
10056; 55.00
10071; 56.00
10085; 56.00
10100; 56.00
10115; 56.00
10129; 56.00
10143; 56.00
10159; 56.00
10173; 56.00
10187; 56.00
10202; 55.00
10216; 56.00
10231; 56.00
10246; 56.00
10260; 56.00
10274; 55.00
10289; 56.00
10304; 55.00
10318; 56.00
10333; 55.00
10347; 55.00
10362; 55.00
10377; 55.00
10391; 56.00
10405; 56.00
10420; 55.00
10435; 56.00
10449; 56.00
10464; 56.00
10478; 56.00
10493; 55.00
10508; 56.00
10522; 56.00
10536; 56.00
10551; 56.00
10566; 56.00
10580; 56.00
10595; 56.00
10609; 56.00
10625; 56.00
10639; 55.00
10653; 115.00
10669; 116.00
10684; 115.00
10700; 115.00
10716; 115.00
10731; 115.00
10746; 115.00
10763; 115.00
10778; 115.00
10793; 115.00
10809; 115.00
10825; 116.00
10841; 115.00
10856; 115.00
10871; 115.00
10887; 115.00
10903; 115.00
10918; 115.00
10934; 115.00
10949; 115.00
10966; 115.00
10981; 115.00
10996; 115.00
11012; 115.00
11028; 115.00
11043; 115.00
11059; 115.00
11074; 115.00
11090; 115.00
11106; 115.00
11121; 115.00
11137; 115.00
11152; 115.00
11168; 115.00
11184; 115.00
11199; 115.00
11214; 115.00
11231; 115.00
11246; 115.00
11261; 115.00
11277; 115.00
11293; 115.00
11309; 115.00
11324; 115.00
11339; 115.00
11355; 115.00
11371; 115.00
11386; 115.00
11402; 115.00
11417; 115.00
11433; 115.00
11449; 55.00
11463; 55.00
11478; 55.00
11493; 55.00
11507; 55.00
11522; 55.00
11536; 55.00
11550; 55.00
11566; 55.00
11580; 55.00
11594; 55.00
11609; 55.00
11624; 55.00
11638; 55.00
11653; 55.00
11667; 55.00
11681; 55.00
11697; 55.00
11711; 55.00
11725; 55.00
11740; 55.00
11754; 55.00
11769; 55.00
11784; 55.00
11798; 55.00
11812; 55.00
11828; 55.00
11842; 55.00
11856; 55.00
11871; 55.00
11885; 55.00
11900; 55.00
11915; 55.00
11929; 55.00
11943; 55.00
11959; 55.00
11973; 55.00
11987; 55.00
12002; 55.00
12016; 55.00
12032; 55.00
12046; 55.00
12060; 55.00
12075; 55.00
12090; 55.00
12104; 55.00
12119; 55.00
12133; 55.00
12147; 55.00
12163; 56.00
12177; 55.00
12191; 55.00
12206; 56.00
12220; 55.00
12235; 55.00
12250; 115.00
12265; 115.00
12280; 115.00
12297; 115.00
12312; 115.00
12327; 115.00
12343; 115.00
12359; 115.00
12375; 115.00
12390; 115.00
12405; 115.00
12422; 115.00
12437; 115.00
12452; 115.00
12468; 115.00
12483; 115.00
12499; 115.00
12515; 116.00
12530; 115.00
12546; 115.00
12562; 116.00
12577; 116.00
12593; 115.00
12608; 115.00
12624; 116.00
12640; 115.00
12655; 115.00
12670; 115.00
12686; 115.00
12702; 115.00
12718; 115.00
12733; 115.00
12748; 115.00
12765; 115.00
12780; 115.00
12795; 115.00
12811; 115.00
12827; 116.00
12843; 115.00
12858; 115.00
12873; 115.00
12890; 115.00
12905; 115.00
12920; 115.00
12936; 115.00
12951; 115.00
12967; 115.00
12983; 115.00
12998; 115.00
13014; 115.00
13030; 115.00
13045; 115.00
13061; 56.00
13075; 56.00
13090; 55.00
13105; 55.00
13119; 56.00
13133; 56.00
13148; 55.00
13163; 56.00
13177; 55.00
13192; 56.00
13206; 56.00
13221; 56.00
13236; 55.00
13250; 56.00
13264; 55.00
13279; 55.00
13294; 56.00
13308; 55.00
13323; 56.00
13337; 55.00
13351; 56.00
13367; 56.00
13381; 55.00
13395; 56.00
13410; 55.00
13425; 56.00
13440; 56.00
13454; 55.00
13468; 56.00
13483; 55.00
13498; 56.00
13512; 56.00
13527; 56.00
13541; 56.00
13556; 56.00
13571; 56.00
13585; 56.00
13599; 55.00
13614; 56.00
13629; 55.00
13643; 56.00
13658; 56.00
13672; 56.00
13687; 55.00
13702; 56.00
13716; 56.00
13730; 55.00
13745; 56.00
13760; 56.00
13774; 56.00
13789; 55.00
13803; 55.00
13817; 56.00
13833; 55.00
13847; 56.00
13861; 115.00
13877; 115.00
13893; 115.00
13908; 116.00
13924; 115.00
13939; 115.00
13956; 115.00
13971; 115.00
13986; 115.00
14002; 115.00
14017; 115.00
14033; 115.00
14049; 115.00
14064; 115.00
14080; 115.00
14096; 115.00
14111; 115.00
14127; 115.00
14142; 115.00
14158; 115.00
14174; 115.00
14189; 115.00
14204; 115.00
14221; 115.00
14236; 115.00
14252; 115.00
14267; 115.00
14282; 115.00
14299; 115.00
14314; 115.00
14329; 115.00
14345; 115.00
14361; 115.00
14376; 115.00
14392; 115.00
14407; 115.00
14424; 115.00
14439; 115.00
14454; 115.00
14470; 115.00
14486; 115.00
14501; 115.00
14517; 115.00
14532; 115.00
14547; 115.00
14564; 115.00
14579; 115.00
14595; 115.00
14610; 115.00
14626; 115.00
14642; 115.00
14657; 115.00
14672; 115.00
14689; 115.00
14704; 115.00
14720; 115.00
14735; 115.00
14751; 115.00
14767; 115.00
14782; 115.00
14797; 115.00
14813; 115.00
14829; 115.00
14844; 115.00
14860; 115.00
14875; 115.00
14892; 115.00
14907; 116.00
14922; 115.00
14938; 115.00
14954; 116.00
14969; 115.00
14985; 116.00
15000; 115.00
15015; 116.00
15032; 116.00
15047; 116.00
15063; 115.00
15078; 115.00
15094; 115.00
15110; 116.00
15125; 116.00
15140; 116.00
15157; 116.00
15172; 115.00
15187; 115.00
15203; 115.00
15219; 115.00
15235; 115.00
15250; 115.00
15265; 115.00
15281; 115.00
15297; 115.00
15312; 115.00
15328; 115.00
15343; 115.00
15360; 115.00
15375; 115.00
15390; 115.00
15406; 115.00
15422; 115.00
15437; 114.00
15453; 114.00
15468; 114.00
15484; 114.00
15500; 114.00
15515; 114.00
15531; 114.00
15546; 114.00
15562; 115.00
15578; 114.00
15593; 114.00
15608; 114.00
15625; 115.00
15640; 115.00
15655; 114.00
15671; 115.00
15687; 115.00
15703; 115.00
15718; 115.00
15733; 115.00
15750; 115.00
15765; 115.00
15780; 115.00
15796; 115.00
15811; 115.00
15827; 115.00
15843; 115.00
15858; 115.00
15874; 115.00
15890; 115.00
15905; 115.00
15921; 115.00
15936; 115.00
15952; 115.00
15968; 115.00
15983; 115.00
15998; 115.00
16014; 115.00
16030; 115.00
16046; 115.00
16061; 115.00
16076; 114.00
16093; 115.00
16108; 115.00
16123; 115.00
16139; 115.00
16155; 115.00
16171; 115.00
16186; 115.00
16201; 115.00
16218; 115.00
16233; 115.00
16248; 115.00
16264; 115.00
16279; 115.00
16295; 115.00
16311; 115.00
16326; 115.00
16342; 115.00
16358; 115.00
16373; 115.00
16389; 115.00
16404; 115.00
16420; 115.00
16436; 115.00
16451; 115.00
16466; 115.00
16483; 115.00
16498; 114.00
16514; 114.00
16529; 115.00
16544; 115.00
16561; 115.00
16576; 115.00
16591; 115.00
16607; 114.00
16623; 115.00
16638; 115.00
16654; 55.00
16668; 55.00
16684; 55.00
16698; 54.00
16712; 54.00
16727; 52.00
16741; 53.00
16756; 53.00
16771; 52.00
16785; 52.00
16799; 52.00
16815; 52.00
16829; 51.00
16843; 51.00
16858; 50.00
16872; 50.00
16887; 50.00
16902; 50.00
16916; 50.00
16930; 50.00
16945; 50.00
16960; 50.00
16974; 51.00
16989; 50.00
17003; 50.00
17018; 51.00
17033; 50.00
17047; 51.00
17061; 51.00
17076; 50.00
17091; 51.00
17105; 50.00
17120; 50.00
17134; 51.00
17149; 50.00
17164; 51.00
17178; 50.00
17192; 50.00
17207; 50.00
17222; 50.00
17236; 50.00
17251; 50.00
17265; 50.00
17281; 50.00
17295; 50.00
17309; 50.00
17324; 51.00
17338; 50.00
17353; 51.00
17368; 50.00
17382; 50.00
17396; 50.00
17411; 50.00
17426; 50.00
17440; 50.00
17455; 51.00
17469; 50.00
17484; 51.00
17499; 51.00
17513; 50.00
17527; 51.00
17542; 50.00
17557; 51.00
17571; 51.00
17586; 50.00
17600; 51.00
17615; 51.00
17630; 51.00
17644; 51.00
17658; 50.00
17673; 51.00
17688; 50.00
17702; 50.00
17717; 51.00
17731; 50.00
17746; 51.00
17761; 51.00
17775; 51.00
17789; 51.00
17804; 50.00
17819; 51.00
17833; 51.00
17848; 51.00
17862; 51.00
17876; 51.00
17892; 51.00
17906; 50.00
17921; 50.00
17935; 51.00
17950; 50.00
17965; 51.00
17979; 50.00
17993; 51.00
18008; 51.00
18023; 51.00
18037; 51.00
18052; 50.00
18066; 50.00
18081; 51.00
18096; 50.00
18110; 50.00
18124; 51.00
18139; 50.00
18154; 51.00
18168; 50.00
18183; 51.00
18197; 50.00
18212; 50.00
18227; 51.00
18241; 51.00
18255; 51.00
18270; 50.00
18285; 50.00
18299; 51.00
18314; 50.00
18328; 51.00
18