 12.00
507432; 12.00
507448; 12.00
507463; 12.00
507479; 12.00
507495; 12.00
507510; 12.00
507526; 12.00
507541; 13.0; 35.00
0; 36.00
1; 36.00
1; 36.00
2; 35.00
2; 36.00
3; 36.00
5; 36.00
15; 35.00
26; 35.00
37; 35.00
50; 36.00
61; 37.00
72; 39.00
83; 40.00
95; 41.00
106; 41.00
119; 41.00
132; 40.00
144; 41.00
156; 41.00
168; 42.00
182; 45.00
194; 47.00
206; 49.00
219; 50.00
231; 52.00
244; 53.00
257; 53.00
269; 54.00
281; 55.00
293; 56.00
306; 55.00
319; 55.00
331; 55.00
344; 55.00
356; 55.00
368; 56.00
381; 56.00
394; 56.00
406; 56.00
418; 56.00
431; 56.00
444; 56.00
456; 56.00
468; 56.00
481; 56.00
493; 56.00
505; 56.00
519; 56.00
531; 56.00
543; 56.00
556; 56.00
568; 56.00
581; 56.00
593; 56.00
606; 56.00
618; 56.00
630; 56.00
644; 56.00
656; 57.00
668; 57.00
680; 57.00
693; 57.00
705; 57.00
718; 57.00
731; 57.00
743; 57.00
755; 57.00
768; 57.00
781; 57.00
793; 58.00
805; 58.00
818; 58.00
830; 58.00
843; 58.00
856; 58.00
868; 58.00
880; 58.00
892; 58.00
905; 59.00
918; 58.00
930; 59.00
943; 59.00
955; 59.00
967; 59.00
980; 58.00
993; 59.00
1005; 59.00
1018; 59.00
1032; 59.00
1046; 59.00
1059; 59.00
1073; 59.00
1086; 60.00
1099; 59.00
1114; 60.00
1127; 59.00
1140; 59.00
1154; 59.00
1167; 59.00
1181; 59.00
1195; 59.00
1208; 59.00
1221; 59.00
1234; 59.00
1249; 59.00
1262; 59.00
1275; 59.00
1289; 59.00
1302; 59.00
1316; 59.00
1330; 59.00
1343; 59.00
1356; 59.00
1370; 59.00
1384; 59.00
1397; 59.00
1411; 59.00
1424; 59.00
1437; 59.00
1452; 59.00
1465; 59.00
1478; 59.00
1491; 60.00
1506; 60.00
1519; 59.00
1532; 59.00
1546; 59.00
1559; 59.00
1573; 59.00
1587; 59.00
1600; 59.00
1613; 59.00
1627; 60.00
1641; 59.00
1654; 59.00
1668; 59.00
1681; 59.00
1694; 59.00
1709; 60.00
1722; 60.00
1735; 60.00
1748; 59.00
1762; 60.00
1776; 59.00
1789; 60.00
1803; 60.00
1816; 59.00
1829; 60.00
1844; 59.00
1857; 59.00
1870; 60.00
1884; 59.00
1897; 59.00
1911; 60.00
1925; 60.00
1938; 59.00
1951; 60.00
1965; 60.00
1979; 59.00
1992; 59.00
2006; 59.00
2019; 59.00
2032; 59.00
2046; 59.00
2060; 59.00
2073; 59.00
2086; 59.00
2100; 59.00
2114; 59.00
2127; 59.00
2141; 59.00
2154; 59.00
2167; 59.00
2182; 59.00
2195; 59.00
2208; 59.00
2222; 58.00
2235; 59.00
2249; 59.00
2263; 59.00
2276; 59.00
2289; 59.00
2302; 59.00
2317; 59.00
2330; 59.00
2343; 58.00
2357; 58.00
2371; 59.00
2384; 59.00
2398; 59.00
2411; 59.00
2424; 59.00
2439; 59.00
2452; 59.00
2465; 59.00
2479; 59.00
2492; 59.00
2506; 59.00
2520; 60.00
2533; 60.00
2546; 59.00
2560; 60.00
2574; 59.00
2587; 59.00
2600; 59.00
2614; 59.00
2627; 60.00
2641; 59.00
2655; 59.00
2668; 60.00
2681; 59.00
2695; 59.00
2709; 60.00
2722; 59.00
2736; 59.00
2749; 60.00
2762; 59.00
2777; 59.00
2790; 59.00
2803; 59.00
2817; 59.00
2830; 59.00
2844; 59.00
2857; 59.00
2871; 59.00
2884; 59.00
2897; 59.00
2912; 59.00
2925; 60.00
2938; 59.00
2952; 59.00
2965; 59.00
2979; 59.00
2993; 59.00
3006; 59.00
3019; 59.00
3033; 59.00
3047; 59.00
3060; 59.00
3074; 59.00
3087; 60.00
3100; 59.00
3115; 59.00
3128; 60.00
3141; 60.00
3154; 59.00
3168; 59.00
3182; 59.00
3195; 59.00
3209; 60.00
3222; 59.00
3236; 59.00
3250; 59.00
3263; 60.00
3276; 59.00
3290; 60.00
3304; 59.00
3317; 59.00
3331; 60.00
3344; 60.00
3357; 59.00
3372; 59.00
3385; 60.00
3398; 59.00
3411; 60.00
3425; 60.00
3439; 59.00
3452; 59.00
3466; 59.00
3479; 59.00
3492; 59.00
3507; 60.00
3520; 59.00
3533; 60.00
3547; 60.00
3560; 59.00
3574; 60.00
3588; 59.00
3601; 60.00
3614; 60.00
3628; 60.00
3642; 60.00
3655; 60.00
3668; 60.00
3682; 60.00
3695; 59.00
3709; 60.00
3723; 60.00
3736; 60.00
3749; 60.00
3763; 60.00
3777; 60.00
3790; 60.00
3804; 60.00
3817; 60.00
3830; 61.00
3845; 61.00
3858; 60.00
3871; 60.00
3885; 61.00
3898; 60.00
3912; 60.00
3926; 60.00
3939; 61.00
3952; 61.00
3965; 61.00
3980; 61.00
3993; 61.00
4006; 61.00
4020; 61.00
4033; 60.00
4047; 60.00
4061; 61.00
4074; 61.00
4087; 61.00
4102; 61.00
4115; 61.00
4128; 61.00
4142; 61.00
4155; 60.00
4169; 61.00
4183; 61.00
4196; 60.00
4209; 61.00
4222; 60.00
4237; 60.00
4250; 61.00
4263; 61.00
4277; 60.00
4290; 61.00
4304; 61.00
4318; 61.00
4331; 60.00
4344; 60.00
4358; 60.00
4372; 61.00
4385; 61.00
4399; 60.00
4412; 61.00
4425; 61.00
4440; 61.00
4453; 60.00
4466; 61.00
4480; 61.00
4493; 60.00
4507; 61.00
4520; 61.00
4534; 61.00
4547; 61.00
4560; 61.00
4575; 61.00
4588; 61.00
4601; 61.00
4615; 61.00
4628; 60.00
4642; 61.00
4656; 61.00
4669; 61.00
4682; 61.00
4696; 61.00
4710; 61.00
4723; 61.00
4737; 60.00
4750; 61.00
4763; 61.00
4777; 61.00
4791; 61.00
4804; 61.00
4817; 60.00
4831; 61.00
4845; 61.00
4858; 61.00
4872; 61.00
4885; 61.00
4898; 61.00
4913; 61.00
4926; 61.00
4939; 61.00
4953; 61.00
4967; 61.00
4980; 61.00
4994; 61.00
5007; 61.00
5020; 61.00
5035; 61.00
5048; 61.00
5061; 61.00
5074; 62.00
5088; 62.00
5102; 61.00
5115; 62.00
5129; 61.00
5142; 61.00
5155; 61.00
5170; 61.00
5183; 61.00
5196; 61.00
5210; 61.00
5223; 61.00
5237; 61.00
5251; 61.00
5264; 60.00
5277; 60.00
5291; 60.00
5305; 59.00
5318; 50.00
5331; 42.00
5345; 33.00
5358; 31.00
5372; 31.00
5386; 32.00
5399; 36.00
5412; 42.00
5426; 51.00
5440; 57.00
5453; 59.00
5467; 59.00
5480; 59.00
5493; 59.00
5508; 59.00
5521; 59.00
5534; 60.00
5548; 60.00
5561; 60.00
5575; 60.00
5588; 60.00
5602; 59.00
5615; 59.00
5628; 59.00
5643; 32.00
5656; 23.00
5669; 23.00
5683; 22.00
5696; 21.00
5710; 21.00
5724; 20.00
5737; 20.00
5750; 20.00
5764; 21.00
5778; 34.00
5791; 40.00
5805; 51.00
5818; 54.00
5832; 56.00
5846; 58.00
5859; 61.00
5872; 64.00
5885; 64.00
5900; 64.00
5913; 64.00
5926; 65.00
5940; 65.00
5953; 65.00
5967; 65.00
5981; 65.00
5994; 64.00
6007; 65.00
6021; 65.00
6035; 65.00
6048; 65.00
6062; 65.00
6075; 65.00
6088; 65.00
6103; 65.00
6116; 65.00
6129; 65.00
6142; 65.00
6156; 65.00
6170; 65.00
6183; 65.00
6197; 65.00
6210; 65.00
6223; 65.00
6238; 65.00
6251; 65.00
6264; 65.00
6278; 65.00
6291; 65.00
6305; 66.00
6319; 65.00
6332; 65.00
6345; 65.00
6359; 65.00
6373; 65.00
6386; 65.00
6400; 65.00
6413; 65.00
6426; 65.00
6440; 65.00
6454; 65.00
6467; 65.00
6480; 65.00
6494; 65.00
6508; 65.00
6521; 65.00
6535; 65.00
6548; 65.00
6561; 152.00
6577; 152.00
6591; 151.00
6605; 152.00
6620; 152.00
6635; 152.00
6649; 152.00
6664; 152.00
6678; 152.00
6692; 152.00
6708; 152.00
6722; 152.00
6736; 151.00
6751; 152.00
6766; 152.00
6780; 152.00
6795; 152.00
6809; 152.00
6823; 152.00
6839; 152.00
6853; 152.00
6867; 152.00
6882; 152.00
6897; 152.00
6912; 152.00
6926; 152.00
6940; 152.00
6955; 152.00
6970; 152.00
6984; 152.00
6999; 152.00
7013; 152.00
7027; 152.00
7043; 152.00
7057; 152.00
7071; 152.00
7086; 152.00
7101; 152.00
7115; 152.00
7130; 152.00
7144; 152.00
7158; 152.00
7174; 152.00
7188; 152.00
7202; 152.00
7217; 152.00
7232; 152.00
7246; 152.00
7261; 152.00
7275; 152.00
7289; 152.00
7305; 152.00
7319; 152.00
7333; 152.00
7348; 152.00
7363; 152.00
7377; 152.00
7392; 152.00
7406; 152.00
7420; 152.00
7436; 152.00
7450; 152.00
7464; 152.00
7479; 152.00
7493; 152.00
7508; 152.00
7523; 152.00
7537; 152.00
7552; 152.00
7567; 152.00
7581; 152.00
7596; 152.00
7610; 152.00
7624; 152.00
7640; 152.00
7654; 152.00
7668; 153.00
7683; 152.00
7698; 152.00
7712; 152.00
7727; 152.00
7741; 153.00
7755; 153.00
7771; 152.00
7785; 153.00
7799; 153.00
7814; 152.00
7829; 153.00
7843; 152.00
7858; 152.00
7872; 152.00
7886; 153.00
7902; 153.00
7916; 152.00
7930; 152.00
7945; 152.00
7959; 153.00
7974; 153.00
7989; 152.00
8003; 153.00
8017; 153.00
8033; 153.00
8047; 153.00
8061; 153.00
8076; 153.00
8090; 152.00
8105; 153.00
8120; 153.00
8134; 152.00
8148; 153.00
8164; 152.00
8178; 153.00
8193; 153.00
8207; 153.00
8221; 153.00
8237; 153.00
8251; 153.00
8265; 153.00
8280; 153.00
8295; 153.00
8309; 153.00
8324; 153.00
8338; 153.00
8352; 152.00
8368; 153.00
8382; 153.00
8396; 153.00
8411; 153.00
8425; 152.00
8440; 153.00
8455; 153.00
8469; 153.00
8483; 153.00
8499; 153.00
8513; 153.00
8527; 153.00
8542; 153.00
8556; 66.00
8570; 66.00
8584; 67.00
8597; 66.00
8610; 66.00
8624; 66.00
8638; 66.00
8651; 66.00
8665; 67.00
8678; 67.00
8691; 66.00
8706; 66.00
8719; 66.00
8732; 66.00
8745; 66.00
8759; 66.00
8773; 66.00
8786; 66.00
8800; 66.00
8813; 66.00
8827; 66.00
8841; 66.00
8854; 66.00
8867; 66.00
8881; 66.00
8895; 66.00
8908; 66.00
8922; 66.00
8935; 66.00
8948; 66.00
8963; 67.00
8976; 67.00
8989; 66.00
9003; 67.00
9016; 67.00
9030; 66.00
9043; 67.00
9057; 66.00
9070; 67.00
9083; 67.00
9098; 67.00
9111; 67.00
9124; 67.00
9138; 67.00
9151; 66.00
9165; 66.00
9179; 66.00
9192; 66.00
9205; 67.00
9219; 67.00
9233; 67.00
9246; 67.00
9260; 67.00
9273; 67.00
9286; 66.00
9300; 66.00
9314; 67.00
9327; 67.00
9340; 67.00
9354; 67.00
9368; 67.00
9381; 67.00
9395; 66.00
9408; 66.00
9421; 67.00
9436; 67.00
9449; 67.00
9462; 67.00
9476; 67.00
9489; 67.00
9503; 67.00
9517; 67.00
9530; 67.00
9543; 67.00
9556; 67.00
9571; 67.00
9584; 67.00
9597; 67.00
9611; 67.00
9624; 67.00
9638; 67.00
9652; 67.00
9665; 67.00
9678; 67.00
9693; 67.00
9706; 67.00
9719; 67.00
9733; 67.00
9746; 67.00
9760; 67.00
9774; 67.00
9787; 67.00
9800; 67.00
9814; 67.00
9828; 67.00
9841; 68.00
9854; 67.00
9868; 66.00
9881; 67.00
9895; 67.00
9909; 67.00
9922; 67.00
9935; 67.00
9949; 67.00
9963; 67.00
9976; 67.00
9990; 67.00
10003; 67.00
10017; 67.00
10033; 67.00
10047; 67.00
10061; 68.00
10076; 67.00
10090; 67.00
10105; 67.00
10120; 67.00
10134; 67.00
10148; 67.00
10164; 67.00
10178; 68.00
10192; 67.00
10207; 67.00
10221; 67.00
10236; 67.00
10251; 68.00
10265; 67.00
10279; 67.00
10295; 67.00
10309; 67.00
10323; 67.00
10338; 67.00
10352; 67.00
10368; 67.00
10382; 67.00
10396; 68.00
10411; 67.00
10426; 67.00
10440; 68.00
10455; 67.00
10469; 67.00
10483; 67.00
10499; 68.00
10513; 67.00
10527; 67.00
10542; 68.00
10556; 154.00
10572; 154.00
10588; 154.00
10603; 154.00
10618; 154.00
10635; 154.00
10650; 154.00
10665; 154.00
10681; 154.00
10697; 155.00
10713; 154.00
10728; 154.00
10743; 154.00
10760; 154.00
10775; 155.00
10790; 154.00
10806; 154.00
10821; 155.00
10838; 154.00
10853; 154.00
10868; 154.00
10884; 154.00
10900; 155.00
10915; 155.00
10931; 155.00
10946; 155.00
10962; 154.00
10978; 155.00
10993; 154.00
11009; 154.00
11025; 154.00
11040; 154.00
11056; 154.00
11071; 155.00
11086; 154.00
11103; 154.00
11118; 154.00
11133; 154.00
11149; 155.00
11165; 154.00
11181; 155.00
11196; 155.00
11211; 154.00
11228; 155.00
11243; 154.00
11258; 155.00
11274; 155.00
11290; 154.00
11305; 155.00
11321; 155.00
11336; 155.00
11352; 154.00
11368; 68.00
11382; 68.00
11397; 68.00
11411; 68.00
11426; 68.00
11441; 68.00
11455; 68.00
11469; 68.00
11484; 68.00
11499; 68.00
11513; 68.00
11528; 68.00
11542; 68.00
11557; 68.00
11572; 68.00
11586; 68.00
11600; 68.00
11615; 68.00
11630; 68.00
11644; 68.00
11659; 68.00
11673; 68.00
11687; 68.00
11703; 68.00
11717; 68.00
11731; 68.00
11746; 68.00
11761; 68.00
11776; 68.00
11790; 68.00
11804; 68.00
11819; 69.00
11834; 68.00
11848; 68.00
11863; 68.00
11877; 68.00
11892; 68.00
11907; 68.00
11921; 69.00
11935; 68.00
11950; 68.00
11965; 69.00
11979; 68.00
11994; 68.00
12008; 68.00
12023; 68.00
12038; 69.00
12052; 68.00
12066; 68.00
12081; 69.00
12096; 68.00
12110; 68.00
12125; 68.00
12139; 68.00
12153; 68.00
12169; 155.00
12184; 155.00
12199; 155.00
12215; 155.00
12231; 155.00
12247; 155.00
12262; 155.00
12277; 155.00
12294; 155.00
12309; 155.00
12324; 155.00
12340; 155.00
12356; 155.00
12371; 155.00
12387; 155.00
12402; 155.00
12418; 155.00
12434; 155.00
12449; 155.00
12465; 155.00
12480; 155.00
12496; 155.00
12512; 155.00
12527; 155.00
12542; 155.00
12559; 155.00
12574; 155.00
12590; 155.00
12605; 155.00
12621; 155.00
12637; 155.00
12652; 155.00
12667; 155.00
12683; 155.00
12699; 155.00
12715; 155.00
12730; 155.00
12745; 155.00
12762; 155.00
12777; 156.00
12792; 155.00
12808; 156.00
12824; 155.00
12839; 155.00
12855; 155.00
12870; 155.00
12886; 155.00
12902; 156.00
12917; 156.00
12933; 156.00
12948; 155.00
12964; 69.00
12979; 69.00
12993; 69.00
13007; 69.00
13023; 68.00
13037; 69.00
13051; 69.00
13066; 69.00
13080; 69.00
13095; 69.00
13110; 68.00
13124; 69.00
13138; 69.00
13154; 69.00
13168; 69.00
13182; 69.00
13197; 69.00
13211; 69.00
13227; 69.00
13241; 69.00
13255; 69.00
13270; 69.00
13284; 69.00
13299; 69.00
13314; 69.00
13328; 69.00
13342; 69.00
13358; 69.00
13372; 69.00
13386; 69.00
13401; 69.00
13415; 69.00
13430; 69.00
13445; 69.00
13459; 69.00
13473; 69.00
13489; 69.00
13503; 69.00
13517; 69.00
13532; 69.00
13546; 69.00
13561; 69.00
13576; 69.00
13590; 69.00
13604; 69.00
13620; 69.00
13634; 69.00
13648; 69.00
13663; 69.00
13677; 69.00
13692; 69.00
13707; 69.00
13721; 69.00
13735; 69.00
13750; 69.00
13765; 156.00
13780; 156.00
13796; 156.00
13811; 156.00
13828; 156.00
13843; 156.00
13858; 156.00
13874; 156.00
13890; 156.00
13905; 156.00
13921; 156.00
13936; 156.00
13953; 156.00
13968; 156.00
13983; 156.00
13999; 156.00
14014; 156.00
14030; 156.00
14046; 156.00
14061; 156.00
14076; 156.00
14093; 156.00
14108; 156.00
14124; 156.00
14139; 156.00
14155; 156.00
14171; 156.00
14186; 156.00
14201; 156.00
14217; 156.00
14233; 156.00
14248; 156.00
14264; 156.00
14279; 156.00
14296; 156.00
14311; 156.00
14326; 156.00
14342; 156.00
14358; 156.00
14373; 156.00
14389; 156.00
14404; 156.00
14420; 156.00
14436; 156.00
14451; 156.00
14467; 156.00
14482; 156.00
14498; 156.00
14514; 156.00
14529; 156.00
14544; 156.00
14561; 69.00
14575; 70.00
14589; 69.00
14604; 69.00
14619; 69.00
14633; 70.00
14648; 70.00
14662; 69.00
14676; 70.00
14692; 70.00
14706; 69.00
14721; 70.00
14735; 70.00
14749; 70.00
14765; 70.00
14779; 70.00
14793; 70.00
14808; 69.00
14823; 70.00
14837; 70.00
14852; 70.00
14866; 70.00
14880; 69.00
14896; 70.00
14910; 70.00
14924; 69.00
14939; 70.00
14954; 70.00
14968; 70.00
14983; 70.00
14997; 70.00
15011; 70.00
15027; 70.00
15041; 69.00
15055; 70.00
15070; 70.00
15085; 70.00
15099; 70.00
15114; 70.00
15128; 70.00
15142; 70.00
15158; 70.00
15172; 70.00
15186; 69.00
15201; 70.00
15215; 70.00
15230; 70.00
15245; 70.00
15259; 70.00
15273; 70.00
15289; 70.00
15303; 70.00
15318; 70.00
15332; 70.00
15346; 70.00
15362; 156.00
15377; 157.00
15392; 157.00
15408; 157.00
15424; 157.00
15439; 156.00
15455; 157.00
15470; 157.00
15486; 157.00
15502; 157.00
15517; 157.00
15533; 156.00
15548; 157.00
15564; 156.00
15580; 156.00
15595; 156.00
15610; 157.00
15627; 157.00
15642; 157.00
15657; 157.00
15673; 157.00
15689; 157.00
15705; 157.00
15720; 157.00
15735; 157.00
15752; 157.00
15767; 157.00
15782; 157.00
15798; 157.00
15813; 157.00
15830; 157.00
15845; 157.00
15860; 157.00
15876; 157.00
15892; 157.00
15907; 156.00
15923; 157.00
15938; 157.00
15954; 157.00
15970; 157.00
15985; 157.00
16001; 157.00
16017; 157.00
16032; 157.00
16048; 157.00
16063; 157.00
16078; 157.00
16095; 157.00
16110; 157.00
16125; 157.00
16141; 157.00
16157; 70.00
16172; 70.00
16186; 69.00
16200; 70.00
16216; 70.00
16230; 70.00
16244; 70.00
16259; 70.00
16273; 70.00
16288; 70.00
16303; 70.00
16317; 70.00
16331; 70.00
16346; 70.00
16361; 70.00
16375; 71.00
16390; 70.00
16404; 70.00
16419; 70.00
16434; 70.00
16448; 70.00
16462; 70.00
16477; 70.00
16492; 70.00
16506; 70.00
16521; 70.00
16535; 70.00
16550; 70.00
16565; 71.00
16579; 70.00
16593; 71.00
16608; 70.00
16623; 70.00
16637; 71.00
16652; 71.00
16666; 70.00
16681; 70.00
16696; 71.00
16710; 71.00
16724; 70.00
16739; 70.00
16754; 71.00
16769; 70.00
16783; 70.00
16797; 70.00
16812; 71.00
16827; 70.00
16841; 70.00
16856; 70.00
16870; 71.00
16885; 70.00
16900; 70.00
16914; 71.00
16928; 70.00
16943; 70.00
16958; 157.00
16973; 157.00
16989; 158.00
17004; 157.00
17020; 157.00
17036; 157.00
17051; 157.00
17067; 157.00
17083; 157.00
17098; 157.00
17114; 157.00
17129; 157.00
17144; 157.00
17161; 157.00
17176; 157.00
17191; 158.00
17207; 157.00
17223; 157.00
17239; 157.00
17254; 158.00
17269; 158.00
17286; 157.00
17301; 157.00
17316; 157.00
17332; 158.00
17348; 157.00
17363; 157.00
17379; 157.00
17394; 158.00
17410; 158.00
17426; 157.00
17441; 157.00
17457; 157.00
17472; 158.00
17488; 158.00
17504; 157.00
17519; 157.00
17534; 158.00
17551; 158.00
17566; 157.00
17582; 157.00
17597; 158.00
17613; 158.00
17629; 157.00
17644; 157.00
17659; 157.00
17675; 158.00
17691; 157.00
17707; 158.00
17722; 157.00
17737; 157.00
17754; 158.00
17769; 71.00
17783; 71.00
17798; 70.00
17813; 71.00
17827; 71.00
17842; 71.00
17856; 71.00
17870; 71.00
17886; 70.00
17900; 71.00
17914; 71.00
17929; 71.00
17943; 71.00
17958; 71.00
17973; 71.00
17987; 70.00
18001; 71.00
18017; 71.00
18031; 70.00
18045; 71.00
18060; 71.00
18074; 71.00
18089; 71.00
18104; 71.00
18118; 71.00
18132; 71.00
18148; 71.00
18162; 71.00
18177; 71.00
18191; 71.00
18205; 71.00
18221; 71.00
18235; 71.00
18249; 71.00
18264; 71.00
18279; 71.00
18293; 71.00
18308; 71.00
18322; 71.00
18336; 71.00
18352; 71.00
18366; 71.00
18380; 71.00
18395; 71.00
18409; 71.00
18424; 71.00
18439; 71.00
18453; 71.00
18467; 71.00
18483; 71.00
18497; 71.00
18511; 71.00
18526; 71.00
18540; 71.00
18555; 71.00
18570; 158.00
18585; 158.00
18600; 158.00
18617; 158.00
18632; 158.00
18648; 158.00
18663; 158.00
18679; 158.00
18695; 158.00
18710; 158.00
18725; 158.00
18741; 158.00
18757; 158.00
18772; 158.00
18788; 158.00
18803; 158.00
18820; 158.00
18835; 158.00
18850; 158.00
18866; 158.00
18882; 158.00
18897; 158.00
18913; 158.00
18928; 158.00
18945; 158.00
18960; 157.00
18975; 158.00
18991; 158.00
19006; 158.00
19022; 158.00
19038; 158.00
19053; 158.00
19068; 158.00
19085; 158.00
19100; 158.00
19116; 158.00
19131; 158.00
19147; 158.00
19163; 158.00
19178; 158.00
19193; 158.00
19209; 158.00
19225; 158.00
19240; 158.00
19256; 158.00
19271; 158.00
19288; 158.00
19303; 158.00
19318; 158.00
19334; 158.00
19350; 158.00
19365; 158.00
19381; 158.00
19396; 158.00
19412; 158.00
19428; 158.00
19443; 158.00
19459; 158.00
19474; 158.00
19490; 158.00
19506; 158.00
19521; 158.00
19536; 158.00
19553; 158.00
19568; 158.00
19584; 158.00
19599; 158.00
19615; 158.00
19631; 159.00
19646; 158.00
19661; 158.00
19678; 158.00
19693; 158.00
19708; 158.00
19724; 158.00
19739; 158.00
19756; 158.00
19771; 158.00
19786; 158.00
19802; 158.00
19818; 158.00
19833; 158.00
19849; 158.00
19864; 158.00
19880; 158.00
19896; 158.00
19911; 158.00
19927; 158.00
19943; 158.00
19958; 158.00
19974; 159.00
19989; 158.00
20004; 158.00
20021; 158.00
20036; 158.00
20051; 158.00
20067; 158.00
20083; 158.00
20099; 158.00
20114; 158.00
20129; 158.00
20146; 158.00
20161; 158.00
20176; 158.00
20192; 158.00
20207; 158.00
20224; 158.00
20239; 157.00
20254; 158.00
20270; 159.00
20286; 158.00
20301; 158.00
20317; 158.00
20332; 158.00
20348; 158.00
20364; 158.00
20379; 158.00
20395; 158.00
20411; 159.00
20426; 158.00
20442; 158.00
20457; 158.00
20472; 158.00
20489; 159.00
20504; 158.00
20519; 158.00
20535; 158.00
20551; 158.00
20567; 158.00
20582; 158.00
20597; 158.00
20614; 159.00
20629; 159.00
20644; 158.00
20660; 158.00
20676; 158.00
20691; 158.00
20707; 159.00
20722; 159.00
20738; 158.00
20754; 159.00
20769; 158.00
20785; 158.00
20800; 158.00
20816; 159.00
20832; 159.00
20847; 159.00
20862; 158.00
20879; 158.00
20894; 159.00
20910; 159.00
20925; 159.00
20941; 159.00
20957; 159.00
20972; 159.00
20987; 159.00
21003; 158.00
21019; 159.00
21035; 159.00
21050; 159.00
21065; 159.00
21082; 159.00
21097; 159.00
21112; 159.00
21128; 159.00
21144; 159.00
21159; 159.00
21175; 159.00
21190; 159.00
21206; 159.00
21222; 159.00
21237; 159.00
21253; 159.00
21268; 159.00
21284; 159.00
21300; 159.00
21315; 160.00
21330; 159.00
21347; 159.00
21362; 73.00
21377; 73.00
21391; 73.00
21405; 72.00
21421; 72.00
21435; 72.00
21449; 73.00
21464; 72.00
21479; 72.00
21493; 73.00
21508; 73.00
21522; 73.00
21536; 72.00
21552; 73.00
21566; 72.00
21580; 73.00
21595; 72.00
21610; 73.00
21624; 72.00
21639; 72.00
21653; 72.00
21667; 72.00
21683; 72.00
21697; 72.00
21711; 72.00
21726; 73.00
21741; 73.00
21755; 72.00
21770; 73.00
21784; 73.00
21798; 72.00
21814; 72.00
21828; 73.00
21842; 72.00
21857; 73.00
21871; 73.00
21886; 73.00
21901; 72.00
21915; 72.00
21929; 72.00
21945; 72.00
21959; 71.00
21974; 71.00
21988; 71.00
22002; 71.00
22018; 70.00
22032; 68.00
22046; 66.00
22061; 65.00
22076; 64.00
22090; 63.00
22105; 62.00
22119; 62.00
22133; 63.00
22149; 64.00
22163; 65.00
22177; 66.00
22192; 66.00
22207; 67.00
22221; 67.00
22236; 67.00
22250; 68.00
22264; 68.00
22280; 68.00
22294; 68.00
22308; 68.00
22323; 68.00
22337; 68.00
22352; 68.00
22367; 68.00
22381; 68.00
22395; 68.00
22411; 68.00
22425; 69.00
22439; 69.00
22454; 69.00
22468; 69.00
22483; 69.00
22498; 69.00
22512; 69.00
22526; 69.00
22542; 69.00
22556; 69.00
22571; 69.00
22585; 70.00
22599; 69.00
22615; 69.00
22629; 70.00
22643; 70.00
22658; 70.00
22673; 70.00
22687; 70.00
22702; 70.00
22716; 70.00
22730; 70.00
22746; 70.00
22760; 70.00
22774; 70.00
22789; 70.00
22803; 70.00
22818; 70.00
22833; 70.00
22847; 70.00
22861; 70.00
22877; 70.00
22891; 70.00
22905; 70.00
22920; 70.00
22934; 70.00
22949; 70.00
22964; 69.00
22978; 69.00
22992; 69.00
23008; 69.00
23022; 69.00
23036; 68.00
23051; 68.00
23065; 69.00
23080; 69.00
23095; 68.00
23109; 68.00
23123; 67.00
23139; 66.00
23153; 66.00
23168; 65.00
23182; 63.00
23196; 60.00
23212; 58.00
23226; 55.00
23240; 52.00
23255; 49.00
23269; 48.00
23284; 46.00
23299; 45.00
23313; 43.00
23327; 42.00
23343; 39.00
23357; 36.00
23371; 26.00
23386; 24.00
23400; 24.00
23415; 24.00
23430; 25.00
23444; 26.00
23458; 26.00
23474; 27.00
23488; 29.00
23502; 29.00
23517; 30.00
23531; 32.00
23546; 35.00
23561; 37.00
23575; 39.00
23589; 40.00
23605; 40.00
23619; 40.00
23633; 41.00
23648; 43.00
23662; 45.00
23677; 50.00
23692; 58.00
23706; 63.00
23720; 66.00
23735; 67.00
23750; 68.00
23764; 68.00
23779; 68.00
23793; 68.00
23809; 68.00
23823; 68.00
23837; 68.00
23852; 68.00
23866; 68.00
23881; 68.00
23896; 68.00
23910; 68.00
23924; 68.00
23940; 68.00
23954; 68.00
23968; 68.00
23983; 69.00
23997; 68.00
24012; 68.00
24027; 68.00
24041; 68.00
24055; 68.00
24071; 69.00
24085; 68.00
24099; 68.00
24114; 68.00
24128; 68.00
24143; 68.00
24158; 68.00
24172; 68.00
24186; 68.00
24201; 68.00
24216; 68.00
24230; 68.00
24245; 68.00
24259; 68.00
24274; 68.00
24289; 68.00
24303; 68.00
24317; 68.00
24332; 68.00
24347; 68.00
24361; 68.00
24376; 67.00
24390; 67.00
24406; 65.00
24420; 60.00
24434; 54.00
24449; 50.00
24463; 48.00
24478; 47.00
24493; 46.00
24507; 46.00
24521; 45.00
24537; 45.00
24551; 45.00
24565; 45.00
24580; 45.00
24594; 45.00
24609; 46.00
24624; 45.00
24638; 45.00
24652; 45.00
24667; 45.00
24682; 45.00
24696; 45.00
24711; 44.00
24725; 44.00
24740; 44.00
24755; 44.00
24769; 44.00
24783; 44.00
24798; 43.00
24813; 44.00
24827; 44.00
24842; 44.00
24856; 44.00
24871; 44.00
24886; 44.00
24900; 44.00
24914; 45.00
24929; 45.00
24944; 44.00
24958; 45.00
24973; 44.00
24987; 43.00
25003; 42.00
25017; 40.00
25031; 38.00
25046; 36.00
25060; 34.00
25075; 33.00
25090; 33.00
25104; 34.00
25118; 34.00
25133; 35.00
25148; 36.00
25162; 38.00
25177; 40.00
25191; 42.00
252